#
# A fatal error has been detected by the Java Runtime Environment:
#
#  EXCEPTION_ACCESS_VIOLATION (0xc0000005) at pc=0x000001a84fb86624, pid=32984, tid=17060
#
# JRE version: Java(TM) SE Runtime Environment (21.0.2+13) (build 21.0.2+13-LTS-58)
# Java VM: Java HotSpot(TM) 64-Bit Server VM (21.0.2+13-LTS-58, mixed mode, sharing, tiered, compressed oops, compressed class ptrs, g1 gc, windows-amd64)
# Problematic frame:
# v  ~BufferBlob::MethodHandles adapters 0x000001a84fb86624
#
# No core dump will be written. Minidumps are not enabled by default on client versions of Windows
#
# If you would like to submit a bug report, please visit:
#   https://bugreport.java.com/bugreport/crash.jsp
#

---------------  S U M M A R Y ------------

Command Line: -agentlib:jdwp=transport=dt_socket,server=n,suspend=y,address=localhost:54417 -Dvisualvm.display.name=CorporateEventer%PID -Dvisualvm.id=1732977601547 -Dvisualvm.display.name=CorporateEventer%PID -Dvisualvm.id=1732977776035 -Dvisualvm.display.name=CorporateEventer%PID -Dvisualvm.id=1732980722012 -Dvisualvm.display.name=CorporateEventer%PID -Dvisualvm.id=1732987265192 -Dvisualvm.display.name=CorporateEventer%PID -Dvisualvm.id=1732989875013 -XX:+ShowCodeDetailsInExceptionMessages com.example.CorporateEventer.CorporateEventerApplication

Host: 12th Gen Intel(R) Core(TM) i5-12500H, 16 cores, 15G,  Windows 10 , 64 bit Build 19041 (10.0.19041.5072)
Time: Sat Nov 30 21:06:46 2024 RTZ 2 (s 10 , 64 bit Build 19041 (10.0.19041.5072) elapsed time: 129.845248 seconds (0d 0h 2m 9s)

---------------  T H R E A D  ---------------

Current thread (0x000001a8b13616e0):  JavaThread "http-nio-8080-exec-6" daemon [_thread_in_Java, id=17060, stack(0x0000009528000000,0x0000009528100000) (1024K)]

Stack: [0x0000009528000000,0x0000009528100000],  sp=0x00000095280fb7c8,  free space=1005k
Native frames: (J=compiled Java code, j=interpreted, Vv=VM code, C=native code)
C  0x000001a84fb86624

The last pc belongs to _linkToVirtual (printed below).

siginfo: EXCEPTION_ACCESS_VIOLATION (0xc0000005), reading address 0xffffffffffffffff


Registers:
RAX=0x000001a84fb3969f, RBX=0x0000000705a5c168, RCX=0x00000095280fb7d0, RDX=0x0000000000000002
RSP=0x00000095280fb7c8, RBP=0x00000095280fb818, RSI=0x000001a8abbd4068, RDI=0x000001a8acc89a30
R8 =0x0000000000000004, R9 =0x0000000000000004, R10=0x000001a8c072b60a, R11=0xe0e6835de0b4e55d
R12=0x0000000000000000, R13=0x00000095280fb7c8, R14=0x00000095280fb838, R15=0x000001a8b13616e0
RIP=0x000001a84fb86624, EFLAGS=0x0000000000010206


Register to memory mapping:

RAX=0x000001a84fb3969f is at code_begin+4639 in an Interpreter codelet
return entry points  [0x000001a84fb38480, 0x000001a84fb3a550]  8400 bytes
RBX=0x0000000705a5c168 is an oop: com.example.CorporateEventer.controllers.UserController 
{0x0000000705a5c168} - klass: 'com/example/CorporateEventer/controllers/UserController'
 - ---- fields (total size 3 words):
 - private final 'userService' 'Lcom/example/CorporateEventer/services/UserService;' @12  a 'com/example/CorporateEventer/services/UserService'{0x0000000706817db0} (0xe0d02fb6)
 - private 'departmentService' 'Lcom/example/CorporateEventer/services/DepartmentService;' @16  a 'com/example/CorporateEventer/services/DepartmentService'{0x0000000705a72ae8} (0xe0b4e55d)
 - private 'subDepartmentService' 'Lcom/example/CorporateEventer/services/SubDepartmentService;' @20  a 'com/example/CorporateEventer/services/SubDepartmentService'{0x0000000707341ae8} (0xe0e6835d)
RCX=0x00000095280fb7d0 is pointing into the stack for thread: 0x000001a8b13616e0
RDX=0x0000000000000002 is an unknown value
RSP=0x00000095280fb7c8 is pointing into the stack for thread: 0x000001a8b13616e0
RBP=0x00000095280fb818 is pointing into the stack for thread: 0x000001a8b13616e0
RSI=0x000001a8abbd4068 points into unknown readable memory: 0x88001800fc4988de | de 88 49 fc 00 18 00 88
RDI=0x000001a8acc89a30 points into unknown readable memory: 0x0000001800000060 | 60 00 00 00 18 00 00 00
R8 =0x0000000000000004 is an unknown value
R9 =0x0000000000000004 is an unknown value
R10=0x000001a8c072b60a is an unknown value
R11=0xe0e6835de0b4e55d is an unknown value
R12=0x0 is null
R13=0x00000095280fb7c8 is pointing into the stack for thread: 0x000001a8b13616e0
R14=0x00000095280fb838 is pointing into the stack for thread: 0x000001a8b13616e0
R15=0x000001a8b13616e0 is a thread

Top of Stack: (sp=0x00000095280fb7c8)
0x00000095280fb7c8:   000001a84fb3969f 00000095280fb7d0
0x00000095280fb7d8:   000001a86072b60a 0000000000000004
0x00000095280fb7e8:   000001a8600b2128 000001a8a3d0a6c0
0x00000095280fb7f8:   0000000704b01f98 000001a8600b4c78
0x00000095280fb808:   00000095280fb7c8 00000095280fb840
0x00000095280fb818:   0000000705a5c168 000001a848c182b8
0x00000095280fb828:   0000000707e56f60 0000000705a5c168
0x00000095280fb838:   0000000707e56f38 00000095280fb890
0x00000095280fb848:   0000000000000140 00000007073302b0
0x00000095280fb858:   0000000707e56f90 0000000705a5c168
0x00000095280fb868:   0000000707e56fb8 0000000707e56f38
0x00000095280fb878:   0000000705a5c168 000001a848c1816c
0x00000095280fb888:   00000095280fb888 0000000705a5c168
0x00000095280fb898:   000001a8509222cd 000001a8604098f8
0x00000095280fb8a8:   0000000000000000 0000000704ab4dc8
0x00000095280fb8b8:   000001a86008e0d8 0000000707e56f90
0x00000095280fb8c8:   00000007095b8368 0000000000000000
0x00000095280fb8d8:   0000000706d54e28 0000000707e56fe0
0x00000095280fb8e8:   0000000707db83b0 0000000705a5c168
0x00000095280fb8f8:   0000000706d54ea0 0000000000000000
0x00000095280fb908:   0000000000000000 00000007095b7f30
0x00000095280fb918:   00007ffe4ee6ad42 0000000707db83b0
0x00000095280fb928:   000001a8a4534463 0000000000000003
0x00000095280fb938:   0000000707de1f98 0000000705a5c168
0x00000095280fb948:   00000095280fb948 000001a8a4d319a8
0x00000095280fb958:   00000007073302b0 000001a8a4d36be0
0x00000095280fb968:   0000000000000000 0000000707c12a28
0x00000095280fb978:   000001a85091fbfc 00000095280fb9f8
0x00000095280fb988:   000001a84fb3969f 000001a84fb3969f
0x00000095280fb998:   0000000707db83b0 0000000705a5c168
0x00000095280fb9a8:   00000007073302b0 00000095280fb9b0
0x00000095280fb9b8:   000001a8a4e1e80f 0000000000000009 

Instructions: (pc=0x000001a84fb86624)
0x000001a84fb86524:   a8 01 00 00 80 65 b8 4f a8 01 00 00 00 76 b8 4f
0x000001a84fb86534:   a8 01 00 00 70 65 b8 4f a8 01 00 00 70 65 b8 4f
0x000001a84fb86544:   a8 01 00 00 00 00 00 00 00 00 00 00 f8 4f 27 4f
0x000001a84fb86554:   fe 7f 00 00 f0 10 00 00 60 00 00 00 ff ff ff ff
0x000001a84fb86564:   f0 10 00 00 00 00 00 00 00 00 00 00 00 00 00 00
0x000001a84fb86574:   00 00 00 00 00 00 00 00 00 00 00 00 f4 66 66 66
0x000001a84fb86584:   0f 1f 84 00 00 00 00 00 66 66 66 90 66 66 66 0f
0x000001a84fb86594:   1f 84 00 00 00 00 00 66 66 66 90 90 48 8b 53 08
0x000001a84fb865a4:   0f b7 52 2e 48 8b 0c d4 8b 59 14 48 c1 e3 03 8b
0x000001a84fb865b4:   5b 28 48 c1 e3 03 8b 5b 24 48 c1 e3 03 48 8b 5b
0x000001a84fb865c4:   10 48 85 db 0f 84 10 00 00 00 41 80 bf e0 05 00
0x000001a84fb865d4:   00 00 74 03 ff 63 38 ff 63 50 e9 1d c0 fd ff 66
0x000001a84fb865e4:   66 66 0f 1f 84 00 00 00 00 00 66 66 66 90 66 66
0x000001a84fb865f4:   0f 1f 84 00 00 00 00 00 66 66 66 90 48 8b 53 08
0x000001a84fb86604:   0f b7 52 2e 48 8b 0c d4 58 5b 50 44 8b 51 08 49
0x000001a84fb86614:   bb 00 00 00 60 a8 01 00 00 4d 03 d3 4c 8b 5b 10
0x000001a84fb86624:   4b 8b 9c da c8 01 00 00 48 85 db 0f 84 10 00 00
0x000001a84fb86634:   00 41 80 bf e0 05 00 00 00 74 03 ff 63 38 ff 63
0x000001a84fb86644:   50 e9 b6 bf fd ff 66 66 66 0f 1f 84 00 00 00 00
0x000001a84fb86654:   00 66 66 66 90 0f 1f 80 00 00 00 00 58 5b 50 8b
0x000001a84fb86664:   5b 24 48 c1 e3 03 48 8b 5b 10 48 85 db 0f 84 10
0x000001a84fb86674:   00 00 00 41 80 bf e0 05 00 00 00 74 03 ff 63 38
0x000001a84fb86684:   ff 63 50 e9 74 bf fd ff 66 66 66 0f 1f 84 00 00
0x000001a84fb86694:   00 00 00 66 66 66 90 0f 1f 44 00 00 48 8b 53 08
0x000001a84fb866a4:   0f b7 52 2e 48 8b 0c d4 58 5b 50 48 3b 01 8b 5b
0x000001a84fb866b4:   24 48 c1 e3 03 48 8b 5b 10 48 85 db 0f 84 10 00
0x000001a84fb866c4:   00 00 41 80 bf e0 05 00 00 00 74 03 ff 63 38 ff
0x000001a84fb866d4:   63 50 e9 25 bf fd ff 0f 1f 44 00 00 48 8b 53 08
0x000001a84fb866e4:   0f b7 52 2e 48 8b 0c d4 58 5b 50 44 8b 51 08 49
0x000001a84fb866f4:   bb 00 00 00 60 a8 01 00 00 4d 03 d3 8b 43 18 48
0x000001a84fb86704:   c1 e0 03 48 8b 40 10 48 8b 5b 10 45 8b 9a a0 00
0x000001a84fb86714:   00 00 4f 8d 9c da c8 01 00 00 4d 8d 14 da 49 8b 


Stack slot to memory mapping:

stack at sp + 0 slots: 0x000001a84fb3969f is at code_begin+4639 in an Interpreter codelet
return entry points  [0x000001a84fb38480, 0x000001a84fb3a550]  8400 bytes
stack at sp + 1 slots: 0x00000095280fb7d0 is pointing into the stack for thread: 0x000001a8b13616e0
stack at sp + 2 slots: 0x000001a86072b60a is pointing into metadata
stack at sp + 3 slots: 0x0000000000000004 is an unknown value
stack at sp + 4 slots: 0x000001a8600b2128 is pointing into metadata
stack at sp + 5 slots: 0x000001a8a3d0a6c0 is pointing into metadata
stack at sp + 6 slots: 0x0000000704b01f98 is an oop: java.lang.Class 
{0x0000000704b01f98} - klass: 'java/lang/Class'
 - ---- fields (total size 14 words):
 - private volatile transient 'classRedefinedCount' 'I' @12  0 (0x00000000)
 - injected 'klass' 'J' @16  1822677474552 (0x000001a8600b1cf8)
 - injected 'array_klass' 'J' @24  0 (0x0000000000000000)
 - injected 'oop_size' 'I' @32  14 (0x0000000e)
 - injected 'static_oop_field_count' 'I' @36  0 (0x00000000)
 - private volatile transient 'cachedConstructor' 'Ljava/lang/reflect/Constructor;' @40  null (0x00000000)
 - private transient 'name' 'Ljava/lang/String;' @44  null (0x00000000)
 - private transient 'module' 'Ljava/lang/Module;' @48  a 'java/lang/Module'{0x0000000704af8a28} (0xe095f145)
 - private final 'classLoader' 'Ljava/lang/ClassLoader;' @52  null (0x00000000)
 - private transient 'classData' 'Ljava/lang/Object;' @56  null (0x00000000)
 - private transient 'packageName' 'Ljava/lang/String;' @60  null (0x00000000)
 - private final 'componentType' 'Ljava/lang/Class;' @64  null (0x00000000)
 - private volatile transient 'reflectionData' 'Ljava/lang/ref/SoftReference;' @68  null (0x00000000)
 - private volatile transient 'genericInfo' 'Lsun/reflect/generics/repository/ClassRepository;' @72  null (0x00000000)
 - private volatile transient 'enumConstants' '[Ljava/lang/Object;' @76  null (0x00000000)
 - private volatile transient 'enumConstantDirectory' 'Ljava/util/Map;' @80  null (0x00000000)
 - private volatile transient 'annotationData' 'Ljava/lang/Class$AnnotationData;' @84  null (0x00000000)
 - private volatile transient 'annotationType' 'Lsun/reflect/annotation/AnnotationType;' @88  null (0x00000000)
 - transient 'classValueMap' 'Ljava/lang/ClassValue$ClassValueMap;' @92  null (0x00000000)
 - injected 'protection_domain' 'Ljava/lang/Object;' @96  null (0x00000000)
 - injected 'signers_name' 'Ljava/lang/Object;' @100  null (0x00000000)
 - injected 'source_file' 'Ljava/lang/Object;' @104  null (0x00000000)
 - signature: Ljava/lang/invoke/DirectMethodHandle$Holder;
 - ---- static fields (0):
stack at sp + 7 slots: {method} {0x000001a8600b4c80} 'invokeVirtual' '(Ljava/lang/Object;Ljava/lang/Object;)Ljava/lang/Object;' in 'java/lang/invoke/DirectMethodHandle$Holder'

MethodHandle::interpreter_entry::_linkToVirtual [0x000001a84fb865e3, 0x000001a84fb8664a] (103 bytes)
[MachCode]
  0x000001a84fb865e3: 6666 660f | 1f84 0000 | 0000 0066 | 6666 9066 | 660f 1f84 | 0000 0000 | 0066 6666 | 9048 8b53 
  0x000001a84fb86603: 080f b752 | 2e48 8b0c | d458 5b50 | 448b 5108 | 49bb 0000 | 0060 a801 | 0000 4d03 | d34c 8b5b 
  0x000001a84fb86623: 104b 8b9c | dac8 0100 | 0048 85db | 0f84 1000 | 0000 4180 | bfe0 0500 | 0000 7403 | ff63 38ff 
  0x000001a84fb86643: 6350 e9b6 | 
[/MachCode]

---------------  P R O C E S S  ---------------

Threads class SMR info:
_java_thread_list=0x000001a8a9e16420, length=31, elements={
0x000001a85fdc75d0, 0x000001a85fdc86a0, 0x000001a85fdcd310, 0x000001a85fdcdd70,
0x000001a85fdcf990, 0x000001a85fdd3db0, 0x000001a85fdd8290, 0x000001a85fddad40,
0x000001a8a51a8cf0, 0x000001a8a51ac910, 0x000001a8a51ad5b0, 0x000001a85fdd2a00,
0x000001a85fdd4440, 0x000001a85fdd0fc0, 0x000001a85fdd2370, 0x000001a85fdd1ce0,
0x000001a85fdd3720, 0x000001a8b135bb00, 0x000001a8b135b470, 0x000001a8b135c820,
0x000001a8b1361050, 0x000001a8b135dbd0, 0x000001a8b135a0c0, 0x000001a8b13616e0,
0x000001a8b135e260, 0x000001a8b135e8f0, 0x000001a8b135ef80, 0x000001a8b135a750,
0x000001a8b135f610, 0x000001a8b135fca0, 0x000001a8b135c190
}

Java Threads: ( => current thread )
  0x000001a85fdc75d0 JavaThread "Reference Handler"          daemon [_thread_blocked, id=5692, stack(0x0000009525200000,0x0000009525300000) (1024K)]
  0x000001a85fdc86a0 JavaThread "Finalizer"                  daemon [_thread_blocked, id=35180, stack(0x0000009525300000,0x0000009525400000) (1024K)]
  0x000001a85fdcd310 JavaThread "Signal Dispatcher"          daemon [_thread_blocked, id=30688, stack(0x0000009525400000,0x0000009525500000) (1024K)]
  0x000001a85fdcdd70 JavaThread "Attach Listener"            daemon [_thread_blocked, id=25020, stack(0x0000009525500000,0x0000009525600000) (1024K)]
  0x000001a85fdcf990 JavaThread "Service Thread"             daemon [_thread_blocked, id=21164, stack(0x0000009525600000,0x0000009525700000) (1024K)]
  0x000001a85fdd3db0 JavaThread "Monitor Deflation Thread"   daemon [_thread_blocked, id=27548, stack(0x0000009525700000,0x0000009525800000) (1024K)]
  0x000001a85fdd8290 JavaThread "C2 CompilerThread0"         daemon [_thread_blocked, id=31544, stack(0x0000009525800000,0x0000009525900000) (1024K)]
  0x000001a85fddad40 JavaThread "C1 CompilerThread0"         daemon [_thread_blocked, id=27592, stack(0x0000009525900000,0x0000009525a00000) (1024K)]
  0x000001a8a51a8cf0 JavaThread "JDWP Transport Listener: dt_socket" daemon [_thread_blocked, id=22628, stack(0x0000009525d00000,0x0000009525e00000) (1024K)]
  0x000001a8a51ac910 JavaThread "JDWP Event Helper Thread"   daemon [_thread_blocked, id=26980, stack(0x0000009525e00000,0x0000009525f00000) (1024K)]
  0x000001a8a51ad5b0 JavaThread "JDWP Command Reader"        daemon [_thread_in_native, id=20204, stack(0x0000009525f00000,0x0000009526000000) (1024K)]
  0x000001a85fdd2a00 JavaThread "Notification Thread"        daemon [_thread_blocked, id=28696, stack(0x0000009526000000,0x0000009526100000) (1024K)]
  0x000001a85fdd4440 JavaThread "Common-Cleaner"             daemon [_thread_blocked, id=4592, stack(0x0000009526100000,0x0000009526200000) (1024K)]
  0x000001a85fdd0fc0 JavaThread "PostgreSQL-JDBC-Cleaner"    daemon [_thread_blocked, id=34920, stack(0x0000009527500000,0x0000009527600000) (1024K)]
  0x000001a85fdd2370 JavaThread "HikariPool-1 housekeeper"   daemon [_thread_blocked, id=16024, stack(0x0000009527600000,0x0000009527700000) (1024K)]
  0x000001a85fdd1ce0 JavaThread "Catalina-utility-1"                [_thread_blocked, id=15968, stack(0x0000009527800000,0x0000009527900000) (1024K)]
  0x000001a85fdd3720 JavaThread "Catalina-utility-2"                [_thread_blocked, id=24512, stack(0x0000009527900000,0x0000009527a00000) (1024K)]
  0x000001a8b135bb00 JavaThread "container-0"                       [_thread_blocked, id=34152, stack(0x0000009527a00000,0x0000009527b00000) (1024K)]
  0x000001a8b135b470 JavaThread "http-nio-8080-exec-1"       daemon [_thread_blocked, id=21004, stack(0x0000009527b00000,0x0000009527c00000) (1024K)]
  0x000001a8b135c820 JavaThread "http-nio-8080-exec-2"       daemon [_thread_blocked, id=30404, stack(0x0000009527c00000,0x0000009527d00000) (1024K)]
  0x000001a8b1361050 JavaThread "http-nio-8080-exec-3"       daemon [_thread_blocked, id=25720, stack(0x0000009527d00000,0x0000009527e00000) (1024K)]
  0x000001a8b135dbd0 JavaThread "http-nio-8080-exec-4"       daemon [_thread_blocked, id=30076, stack(0x0000009527e00000,0x0000009527f00000) (1024K)]
  0x000001a8b135a0c0 JavaThread "http-nio-8080-exec-5"       daemon [_thread_blocked, id=23400, stack(0x0000009527f00000,0x0000009528000000) (1024K)]
=>0x000001a8b13616e0 JavaThread "http-nio-8080-exec-6"       daemon [_thread_in_Java, id=17060, stack(0x0000009528000000,0x0000009528100000) (1024K)]
  0x000001a8b135e260 JavaThread "http-nio-8080-exec-7"       daemon [_thread_blocked, id=11412, stack(0x0000009528100000,0x0000009528200000) (1024K)]
  0x000001a8b135e8f0 JavaThread "http-nio-8080-exec-8"       daemon [_thread_blocked, id=32844, stack(0x0000009528200000,0x0000009528300000) (1024K)]
  0x000001a8b135ef80 JavaThread "http-nio-8080-exec-9"       daemon [_thread_blocked, id=24700, stack(0x0000009528300000,0x0000009528400000) (1024K)]
  0x000001a8b135a750 JavaThread "http-nio-8080-exec-10"      daemon [_thread_blocked, id=29608, stack(0x0000009528400000,0x0000009528500000) (1024K)]
  0x000001a8b135f610 JavaThread "http-nio-8080-Poller"       daemon [_thread_in_native, id=1172, stack(0x0000009528500000,0x0000009528600000) (1024K)]
  0x000001a8b135fca0 JavaThread "http-nio-8080-Acceptor"     daemon [_thread_in_native, id=33496, stack(0x0000009528600000,0x0000009528700000) (1024K)]
  0x000001a8b135c190 JavaThread "DestroyJavaVM"                     [_thread_blocked, id=26720, stack(0x0000009524a00000,0x0000009524b00000) (1024K)]
Total: 31

Other Threads:
  0x000001a85fda99b0 VMThread "VM Thread"                           [id=25920, stack(0x0000009525100000,0x0000009525200000) (1024K)]
  0x000001a85fd8e650 WatcherThread "VM Periodic Task Thread"        [id=27388, stack(0x0000009525000000,0x0000009525100000) (1024K)]
  0x000001a8402f8140 WorkerThread "GC Thread#0"                     [id=5788, stack(0x0000009524b00000,0x0000009524c00000) (1024K)]
  0x000001a8a63b75c0 WorkerThread "GC Thread#1"                     [id=22684, stack(0x0000009526300000,0x0000009526400000) (1024K)]
  0x000001a8a63b7d70 WorkerThread "GC Thread#2"                     [id=35628, stack(0x0000009526400000,0x0000009526500000) (1024K)]
  0x000001a8a5ea6b00 WorkerThread "GC Thread#3"                     [id=4816, stack(0x0000009526500000,0x0000009526600000) (1024K)]
  0x000001a8a63dd7f0 WorkerThread "GC Thread#4"                     [id=6212, stack(0x0000009526600000,0x0000009526700000) (1024K)]
  0x000001a8a63dc970 WorkerThread "GC Thread#5"                     [id=21820, stack(0x0000009526700000,0x0000009526800000) (1024K)]
  0x000001a8a63ddb90 WorkerThread "GC Thread#6"                     [id=7220, stack(0x0000009526800000,0x0000009526900000) (1024K)]
  0x000001a8a63de2d0 WorkerThread "GC Thread#7"                     [id=28480, stack(0x0000009526b00000,0x0000009526c00000) (1024K)]
  0x000001a8a63dcd10 WorkerThread "GC Thread#8"                     [id=21352, stack(0x0000009526c00000,0x0000009526d00000) (1024K)]
  0x000001a8a63dd0b0 WorkerThread "GC Thread#9"                     [id=35080, stack(0x0000009526d00000,0x0000009526e00000) (1024K)]
  0x000001a8a63dd450 WorkerThread "GC Thread#10"                    [id=2348, stack(0x0000009526e00000,0x0000009526f00000) (1024K)]
  0x000001a8a647bb20 WorkerThread "GC Thread#11"                    [id=28668, stack(0x0000009526f00000,0x0000009527000000) (1024K)]
  0x000001a8a647d820 WorkerThread "GC Thread#12"                    [id=28888, stack(0x0000009527000000,0x0000009527100000) (1024K)]
  0x000001a840308bb0 ConcurrentGCThread "G1 Main Marker"            [id=13748, stack(0x0000009524c00000,0x0000009524d00000) (1024K)]
  0x000001a840309770 WorkerThread "G1 Conc#0"                       [id=29664, stack(0x0000009524d00000,0x0000009524e00000) (1024K)]
  0x000001a8a647bec0 WorkerThread "G1 Conc#1"                       [id=34884, stack(0x0000009526a00000,0x0000009526b00000) (1024K)]
  0x000001a8a647c9a0 WorkerThread "G1 Conc#2"                       [id=29884, stack(0x0000009527100000,0x0000009527200000) (1024K)]
  0x000001a85fc63a30 ConcurrentGCThread "G1 Refine#0"               [id=14804, stack(0x0000009524e00000,0x0000009524f00000) (1024K)]
  0x000001a83e0886d0 ConcurrentGCThread "G1 Service"                [id=33020, stack(0x0000009524f00000,0x0000009525000000) (1024K)]
Total: 21

Threads with active compile tasks:
Total: 0

VM state: not at safepoint (normal execution)

VM Mutex/Monitor currently owned by a thread: None

Heap address: 0x0000000704800000, size: 4024 MB, Compressed Oops mode: Zero based, Oop shift amount: 3

CDS archive(s) mapped at: [0x000001a860000000-0x000001a860c90000-0x000001a860c90000), size 13172736, SharedBaseAddress: 0x000001a860000000, ArchiveRelocationMode: 1.
Compressed class space mapped at: 0x000001a861000000-0x000001a8a1000000, reserved size: 1073741824
Narrow klass base: 0x000001a860000000, Narrow klass shift: 0, Narrow klass range: 0x100000000

GC Precious Log:
 CardTable entry size: 512
 Card Set container configuration: InlinePtr #cards 4 size 8 Array Of Cards #cards 16 size 48 Howl #buckets 8 coarsen threshold 3686 Howl Bitmap #cards 512 size 80 coarsen threshold 460 Card regions per heap region 1 cards per card region 4096
 CPUs: 16 total, 16 available
 Memory: 16088M
 Large Page Support: Disabled
 NUMA Support: Disabled
 Compressed Oops: Enabled (Zero based)
 Heap Region Size: 2M
 Heap Min Capacity: 8M
 Heap Initial Capacity: 252M
 Heap Max Capacity: 4024M
 Pre-touch: Disabled
 Parallel Workers: 13
 Concurrent Workers: 3
 Concurrent Refinement Workers: 13
 Periodic GC: Disabled

Heap:
 garbage-first heap   total 92160K, used 60090K [0x0000000704800000, 0x0000000800000000)
  region size 2048K, 9 young (18432K), 2 survivors (4096K)
 Metaspace       used 82899K, committed 83648K, reserved 1179648K
  class space    used 11146K, committed 11456K, reserved 1048576K

Heap Regions: E=young(eden), S=young(survivor), O=old, HS=humongous(starts), HC=humongous(continues), CS=collection set, F=free, TAMS=top-at-mark-start, PB=parsable bottom
|   0|0x0000000704800000, 0x0000000704a00000, 0x0000000704a00000|100%| O|  |TAMS 0x0000000704800000| PB 0x0000000704800000| Untracked 
|   1|0x0000000704a00000, 0x0000000704c00000, 0x0000000704c00000|100%| O|  |TAMS 0x0000000704a00000| PB 0x0000000704a00000| Untracked 
|   2|0x0000000704c00000, 0x0000000704e00000, 0x0000000704e00000|100%| O|  |TAMS 0x0000000704c00000| PB 0x0000000704c00000| Untracked 
|   3|0x0000000704e00000, 0x0000000705000000, 0x0000000705000000|100%| O|  |TAMS 0x0000000704e00000| PB 0x0000000704e00000| Untracked 
|   4|0x0000000705000000, 0x0000000705200000, 0x0000000705200000|100%| O|  |TAMS 0x0000000705000000| PB 0x0000000705000000| Untracked 
|   5|0x0000000705200000, 0x0000000705400000, 0x0000000705400000|100%| O|  |TAMS 0x0000000705200000| PB 0x0000000705200000| Untracked 
|   6|0x0000000705400000, 0x0000000705600000, 0x0000000705600000|100%| O|  |TAMS 0x0000000705400000| PB 0x0000000705400000| Untracked 
|   7|0x0000000705600000, 0x0000000705800000, 0x0000000705800000|100%| O|  |TAMS 0x0000000705600000| PB 0x0000000705600000| Untracked 
|   8|0x0000000705800000, 0x0000000705a00000, 0x0000000705a00000|100%| O|  |TAMS 0x0000000705800000| PB 0x0000000705800000| Untracked 
|   9|0x0000000705a00000, 0x0000000705c00000, 0x0000000705c00000|100%| O|  |TAMS 0x0000000705a00000| PB 0x0000000705a00000| Untracked 
|  10|0x0000000705c00000, 0x0000000705e00000, 0x0000000705e00000|100%| O|  |TAMS 0x0000000705c00000| PB 0x0000000705c00000| Untracked 
|  11|0x0000000705e00000, 0x0000000706000000, 0x0000000706000000|100%| O|  |TAMS 0x0000000705e00000| PB 0x0000000705e00000| Untracked 
|  12|0x0000000706000000, 0x0000000706200000, 0x0000000706200000|100%| O|  |TAMS 0x0000000706000000| PB 0x0000000706000000| Untracked 
|  13|0x0000000706200000, 0x0000000706400000, 0x0000000706400000|100%| O|  |TAMS 0x0000000706200000| PB 0x0000000706200000| Untracked 
|  14|0x0000000706400000, 0x0000000706600000, 0x0000000706600000|100%| O|  |TAMS 0x0000000706400000| PB 0x0000000706400000| Untracked 
|  15|0x0000000706600000, 0x0000000706800000, 0x0000000706800000|100%| O|Cm|TAMS 0x0000000706600000| PB 0x0000000706600000| Complete 
|  16|0x0000000706800000, 0x0000000706a00000, 0x0000000706a00000|100%| O|  |TAMS 0x0000000706800000| PB 0x0000000706800000| Untracked 
|  17|0x0000000706a00000, 0x0000000706c00000, 0x0000000706c00000|100%| O|  |TAMS 0x0000000706a00000| PB 0x0000000706a00000| Untracked 
|  18|0x0000000706c00000, 0x0000000706e00000, 0x0000000706e00000|100%| O|  |TAMS 0x0000000706c00000| PB 0x0000000706c00000| Untracked 
|  19|0x0000000706e00000, 0x0000000707000000, 0x0000000707000000|100%| O|  |TAMS 0x0000000706e00000| PB 0x0000000706e00000| Untracked 
|  20|0x0000000707000000, 0x00000007070b2e40, 0x0000000707200000| 34%| O|  |TAMS 0x0000000707000000| PB 0x0000000707000000| Untracked 
|  21|0x0000000707200000, 0x0000000707400000, 0x0000000707400000|100%| O|  |TAMS 0x0000000707200000| PB 0x0000000707200000| Untracked 
|  22|0x0000000707400000, 0x0000000707400000, 0x0000000707600000|  0%| F|  |TAMS 0x0000000707400000| PB 0x0000000707400000| Untracked 
|  23|0x0000000707600000, 0x0000000707600000, 0x0000000707800000|  0%| F|  |TAMS 0x0000000707600000| PB 0x0000000707600000| Untracked 
|  24|0x0000000707800000, 0x0000000707800000, 0x0000000707a00000|  0%| F|  |TAMS 0x0000000707800000| PB 0x0000000707800000| Untracked 
|  25|0x0000000707a00000, 0x0000000707bfba90, 0x0000000707c00000| 99%| S|CS|TAMS 0x0000000707a00000| PB 0x0000000707a00000| Complete 
|  26|0x0000000707c00000, 0x0000000707c00000, 0x0000000707e00000|  0%| F|  |TAMS 0x0000000707c00000| PB 0x0000000707c00000| Untracked 
|  27|0x0000000707e00000, 0x0000000708000000, 0x0000000708000000|100%| S|CS|TAMS 0x0000000707e00000| PB 0x0000000707e00000| Complete 
|  28|0x0000000708000000, 0x0000000708000000, 0x0000000708200000|  0%| F|  |TAMS 0x0000000708000000| PB 0x0000000708000000| Untracked 
|  29|0x0000000708200000, 0x0000000708200000, 0x0000000708400000|  0%| F|  |TAMS 0x0000000708200000| PB 0x0000000708200000| Untracked 
|  30|0x0000000708400000, 0x0000000708400000, 0x0000000708600000|  0%| F|  |TAMS 0x0000000708400000| PB 0x0000000708400000| Untracked 
|  31|0x0000000708600000, 0x0000000708600000, 0x0000000708800000|  0%| F|  |TAMS 0x0000000708600000| PB 0x0000000708600000| Untracked 
|  32|0x0000000708800000, 0x0000000708800000, 0x0000000708a00000|  0%| F|  |TAMS 0x0000000708800000| PB 0x0000000708800000| Untracked 
|  33|0x0000000708a00000, 0x0000000708a00000, 0x0000000708c00000|  0%| F|  |TAMS 0x0000000708a00000| PB 0x0000000708a00000| Untracked 
|  34|0x0000000708c00000, 0x0000000708c00000, 0x0000000708e00000|  0%| F|  |TAMS 0x0000000708c00000| PB 0x0000000708c00000| Untracked 
|  35|0x0000000708e00000, 0x0000000708e00000, 0x0000000709000000|  0%| F|  |TAMS 0x0000000708e00000| PB 0x0000000708e00000| Untracked 
|  36|0x0000000709000000, 0x0000000709000000, 0x0000000709200000|  0%| F|  |TAMS 0x0000000709000000| PB 0x0000000709000000| Untracked 
|  37|0x0000000709200000, 0x0000000709200000, 0x0000000709400000|  0%| F|  |TAMS 0x0000000709200000| PB 0x0000000709200000| Untracked 
|  38|0x0000000709400000, 0x00000007095c7498, 0x0000000709600000| 88%| E|  |TAMS 0x0000000709400000| PB 0x0000000709400000| Complete 
|  39|0x0000000709600000, 0x0000000709800000, 0x0000000709800000|100%| E|CS|TAMS 0x0000000709600000| PB 0x0000000709600000| Complete 
|  91|0x000000070fe00000, 0x0000000710000000, 0x0000000710000000|100%| E|CS|TAMS 0x000000070fe00000| PB 0x000000070fe00000| Complete 
|  92|0x0000000710000000, 0x0000000710200000, 0x0000000710200000|100%| E|CS|TAMS 0x0000000710000000| PB 0x0000000710000000| Complete 
|  93|0x0000000710200000, 0x0000000710400000, 0x0000000710400000|100%| E|CS|TAMS 0x0000000710200000| PB 0x0000000710200000| Complete 
|  94|0x0000000710400000, 0x0000000710600000, 0x0000000710600000|100%| E|CS|TAMS 0x0000000710400000| PB 0x0000000710400000| Complete 
| 125|0x0000000714200000, 0x0000000714400000, 0x0000000714400000|100%| E|CS|TAMS 0x0000000714200000| PB 0x0000000714200000| Complete 

Card table byte_map: [0x000001a858760000,0x000001a858f40000] _byte_map_base: 0x000001a854f3c000

Marking Bits: (CMBitMap*) 0x000001a8402f8750
 Bits: [0x000001a858f40000, 0x000001a85ce20000)

Polling page: 0x000001a83e040000

Metaspace:

Usage:
  Non-class:     70.07 MB used.
      Class:     10.89 MB used.
       Both:     80.96 MB used.

Virtual space:
  Non-class space:      128.00 MB reserved,      70.50 MB ( 55%) committed,  2 nodes.
      Class space:        1.00 GB reserved,      11.19 MB (  1%) committed,  1 nodes.
             Both:        1.12 GB reserved,      81.69 MB (  7%) committed. 

Chunk freelists:
   Non-Class:  8.91 MB
       Class:  4.65 MB
        Both:  13.56 MB

MaxMetaspaceSize: unlimited
CompressedClassSpaceSize: 1.00 GB
Initial GC threshold: 21.00 MB
Current GC threshold: 135.44 MB
CDS: on
 - commit_granule_bytes: 65536.
 - commit_granule_words: 8192.
 - virtual_space_node_default_size: 8388608.
 - enlarge_chunks_in_place: 1.
 - use_allocation_guard: 0.


Internal statistics:

num_allocs_failed_limit: 9.
num_arena_births: 1086.
num_arena_deaths: 0.
num_vsnodes_births: 3.
num_vsnodes_deaths: 0.
num_space_committed: 1307.
num_space_uncommitted: 0.
num_chunks_returned_to_freelist: 9.
num_chunks_taken_from_freelist: 4111.
num_chunk_merges: 9.
num_chunk_splits: 3017.
num_chunks_enlarged: 2373.
num_inconsistent_stats: 0.

CodeHeap 'non-profiled nmethods': size=119168Kb used=7646Kb max_used=7646Kb free=111521Kb
 bounds [0x000001a850280000, 0x000001a850a00000, 0x000001a8576e0000]
CodeHeap 'profiled nmethods': size=119104Kb used=19792Kb max_used=19792Kb free=99311Kb
 bounds [0x000001a8486e0000, 0x000001a849a40000, 0x000001a84fb30000]
CodeHeap 'non-nmethods': size=7488Kb used=1785Kb max_used=3514Kb free=5702Kb
 bounds [0x000001a84fb30000, 0x000001a84feb0000, 0x000001a850280000]
 total_blobs=10518 nmethods=9774 adapters=647
 compilation: enabled
              stopped_count=0, restarted_count=0
 full_count=0

Compilation events (20 events):
Event: 80.828 Thread 0x000001a85fddad40 10973   !   3       java.util.concurrent.locks.AbstractQueuedSynchronizer$ConditionObject::newConditionNode (78 bytes)
Event: 80.829 Thread 0x000001a85fddad40 nmethod 10973 0x000001a849a32890 code [0x000001a849a32b00, 0x000001a849a33320]
Event: 80.829 Thread 0x000001a85fddad40 10974       3       java.util.concurrent.locks.AbstractQueuedSynchronizer$ConditionNode::<init> (5 bytes)
Event: 80.829 Thread 0x000001a85fddad40 nmethod 10974 0x000001a849a33610 code [0x000001a849a337c0, 0x000001a849a33988]
Event: 80.829 Thread 0x000001a85fddad40 10975       3       java.util.concurrent.locks.AbstractQueuedSynchronizer$ConditionObject::enableWait (84 bytes)
Event: 80.829 Thread 0x000001a85fddad40 nmethod 10975 0x000001a849a33a90 code [0x000001a849a33cc0, 0x000001a849a34440]
Event: 80.829 Thread 0x000001a85fddad40 10976       3       java.util.concurrent.locks.AbstractQueuedSynchronizer$Node::setStatusRelaxed (12 bytes)
Event: 80.829 Thread 0x000001a85fddad40 nmethod 10976 0x000001a849a34710 code [0x000001a849a348a0, 0x000001a849a349b8]
Event: 80.875 Thread 0x000001a85fddad40 10977       1       org.apache.catalina.LifecycleEvent::getType (5 bytes)
Event: 80.875 Thread 0x000001a85fddad40 nmethod 10977 0x000001a8509f7410 code [0x000001a8509f75a0, 0x000001a8509f7670]
Event: 90.857 Thread 0x000001a85fddad40 10979       3       java.util.concurrent.ScheduledThreadPoolExecutor$ScheduledFutureTask::getDelay (16 bytes)
Event: 90.857 Thread 0x000001a85fddad40 nmethod 10979 0x000001a849a34a90 code [0x000001a849a34c40, 0x000001a849a34de8]
Event: 90.857 Thread 0x000001a85fddad40 10978       3       java.util.concurrent.ThreadPoolExecutor::workerCountOf (5 bytes)
Event: 90.857 Thread 0x000001a85fddad40 nmethod 10978 0x000001a8488f9d10 code [0x000001a8488f9ea0, 0x000001a8488f9f98]
Event: 97.860 Thread 0x000001a85fddad40 10980       1       java.util.concurrent.ThreadPoolExecutor::getQueue (5 bytes)
Event: 97.861 Thread 0x000001a85fddad40 nmethod 10980 0x000001a8509f7710 code [0x000001a8509f78a0, 0x000001a8509f7970]
Event: 100.900 Thread 0x000001a85fddad40 10981       3       java.util.concurrent.TimeUnit::convert (73 bytes)
Event: 100.901 Thread 0x000001a85fddad40 nmethod 10981 0x000001a849a34f10 code [0x000001a849a35120, 0x000001a849a354e0]
Event: 111.855 Thread 0x000001a85fddad40 10982   !   3       java.util.concurrent.locks.AbstractQueuedSynchronizer::tryInitializeHead (66 bytes)
Event: 111.856 Thread 0x000001a85fddad40 nmethod 10982 0x000001a849a35690 code [0x000001a849a35880, 0x000001a849a35e58]

GC Heap History (20 events):
Event: 5.278 GC heap before
{Heap before GC invocations=4 (full 0):
 garbage-first heap   total 61440K, used 59902K [0x0000000704800000, 0x0000000800000000)
  region size 2048K, 26 young (53248K), 4 survivors (8192K)
 Metaspace       used 29237K, committed 29760K, reserved 1114112K
  class space    used 3711K, committed 3968K, reserved 1048576K
}
Event: 5.296 GC heap after
{Heap after GC invocations=5 (full 0):
 garbage-first heap   total 73728K, used 19562K [0x0000000704800000, 0x0000000800000000)
  region size 2048K, 6 young (12288K), 6 survivors (12288K)
 Metaspace       used 29237K, committed 29760K, reserved 1114112K
  class space    used 3711K, committed 3968K, reserved 1048576K
}
Event: 6.493 GC heap before
{Heap before GC invocations=5 (full 0):
 garbage-first heap   total 73728K, used 50282K [0x0000000704800000, 0x0000000800000000)
  region size 2048K, 21 young (43008K), 6 survivors (12288K)
 Metaspace       used 35327K, committed 35904K, reserved 1114112K
  class space    used 4543K, committed 4800K, reserved 1048576K
}
Event: 6.505 GC heap after
{Heap after GC invocations=6 (full 0):
 garbage-first heap   total 73728K, used 20374K [0x0000000704800000, 0x0000000800000000)
  region size 2048K, 1 young (2048K), 1 survivors (2048K)
 Metaspace       used 35327K, committed 35904K, reserved 1114112K
  class space    used 4543K, committed 4800K, reserved 1048576K
}
Event: 6.517 GC heap before
{Heap before GC invocations=6 (full 0):
 garbage-first heap   total 73728K, used 20374K [0x0000000704800000, 0x0000000800000000)
  region size 2048K, 2 young (4096K), 1 survivors (2048K)
 Metaspace       used 35458K, committed 35968K, reserved 1114112K
  class space    used 4553K, committed 4800K, reserved 1048576K
}
Event: 6.522 GC heap after
{Heap after GC invocations=7 (full 0):
 garbage-first heap   total 73728K, used 20374K [0x0000000704800000, 0x0000000800000000)
  region size 2048K, 1 young (2048K), 1 survivors (2048K)
 Metaspace       used 35458K, committed 35968K, reserved 1114112K
  class space    used 4553K, committed 4800K, reserved 1048576K
}
Event: 7.815 GC heap before
{Heap before GC invocations=8 (full 0):
 garbage-first heap   total 73728K, used 57238K [0x0000000704800000, 0x0000000800000000)
  region size 2048K, 20 young (40960K), 1 survivors (2048K)
 Metaspace       used 45247K, committed 45824K, reserved 1114112K
  class space    used 5939K, committed 6208K, reserved 1048576K
}
Event: 7.823 GC heap after
{Heap after GC invocations=9 (full 0):
 garbage-first heap   total 92160K, used 23312K [0x0000000704800000, 0x0000000800000000)
  region size 2048K, 3 young (6144K), 3 survivors (6144K)
 Metaspace       used 45247K, committed 45824K, reserved 1114112K
  class space    used 5939K, committed 6208K, reserved 1048576K
}
Event: 9.101 GC heap before
{Heap before GC invocations=9 (full 0):
 garbage-first heap   total 92160K, used 70416K [0x0000000704800000, 0x0000000800000000)
  region size 2048K, 27 young (55296K), 3 survivors (6144K)
 Metaspace       used 56215K, committed 56896K, reserved 1114112K
  class space    used 7587K, committed 7872K, reserved 1048576K
}
Event: 9.115 GC heap after
{Heap after GC invocations=10 (full 0):
 garbage-first heap   total 92160K, used 24817K [0x0000000704800000, 0x0000000800000000)
  region size 2048K, 3 young (6144K), 3 survivors (6144K)
 Metaspace       used 56215K, committed 56896K, reserved 1114112K
  class space    used 7587K, committed 7872K, reserved 1048576K
}
Event: 10.024 GC heap before
{Heap before GC invocations=10 (full 0):
 garbage-first heap   total 92160K, used 49393K [0x0000000704800000, 0x0000000800000000)
  region size 2048K, 16 young (32768K), 3 survivors (6144K)
 Metaspace       used 59519K, committed 60160K, reserved 1114112K
  class space    used 7954K, committed 8256K, reserved 1048576K
}
Event: 10.040 GC heap after
{Heap after GC invocations=11 (full 0):
 garbage-first heap   total 92160K, used 32037K [0x0000000704800000, 0x0000000800000000)
  region size 2048K, 4 young (8192K), 4 survivors (8192K)
 Metaspace       used 59519K, committed 60160K, reserved 1114112K
  class space    used 7954K, committed 8256K, reserved 1048576K
}
Event: 11.249 GC heap before
{Heap before GC invocations=12 (full 0):
 garbage-first heap   total 92160K, used 70949K [0x0000000704800000, 0x0000000800000000)
  region size 2048K, 24 young (49152K), 4 survivors (8192K)
 Metaspace       used 66184K, committed 66816K, reserved 1114112K
  class space    used 8935K, committed 9216K, reserved 1048576K
}
Event: 11.255 GC heap after
{Heap after GC invocations=13 (full 0):
 garbage-first heap   total 92160K, used 36935K [0x0000000704800000, 0x0000000800000000)
  region size 2048K, 3 young (6144K), 3 survivors (6144K)
 Metaspace       used 66184K, committed 66816K, reserved 1114112K
  class space    used 8935K, committed 9216K, reserved 1048576K
}
Event: 12.215 GC heap before
{Heap before GC invocations=13 (full 0):
 garbage-first heap   total 92160K, used 73799K [0x0000000704800000, 0x0000000800000000)
  region size 2048K, 22 young (45056K), 3 survivors (6144K)
 Metaspace       used 71651K, committed 72384K, reserved 1114112K
  class space    used 9835K, committed 10176K, reserved 1048576K
}
Event: 12.221 GC heap after
{Heap after GC invocations=14 (full 0):
 garbage-first heap   total 92160K, used 40044K [0x0000000704800000, 0x0000000800000000)
  region size 2048K, 2 young (4096K), 2 survivors (4096K)
 Metaspace       used 71651K, committed 72384K, reserved 1114112K
  class space    used 9835K, committed 10176K, reserved 1048576K
}
Event: 37.524 GC heap before
{Heap before GC invocations=14 (full 0):
 garbage-first heap   total 92160K, used 74860K [0x0000000704800000, 0x0000000800000000)
  region size 2048K, 20 young (40960K), 2 survivors (4096K)
 Metaspace       used 78191K, committed 78848K, reserved 1179648K
  class space    used 10727K, committed 11008K, reserved 1048576K
}
Event: 37.529 GC heap after
{Heap after GC invocations=15 (full 0):
 garbage-first heap   total 92160K, used 43607K [0x0000000704800000, 0x0000000800000000)
  region size 2048K, 2 young (4096K), 2 survivors (4096K)
 Metaspace       used 78191K, committed 78848K, reserved 1179648K
  class space    used 10727K, committed 11008K, reserved 1048576K
}
Event: 68.272 GC heap before
{Heap before GC invocations=15 (full 0):
 garbage-first heap   total 92160K, used 76375K [0x0000000704800000, 0x0000000800000000)
  region size 2048K, 19 young (38912K), 2 survivors (4096K)
 Metaspace       used 82398K, committed 83136K, reserved 1179648K
  class space    used 11121K, committed 11456K, reserved 1048576K
}
Event: 68.279 GC heap after
{Heap after GC invocations=16 (full 0):
 garbage-first heap   total 92160K, used 47802K [0x0000000704800000, 0x0000000800000000)
  region size 2048K, 2 young (4096K), 2 survivors (4096K)
 Metaspace       used 82398K, committed 83136K, reserved 1179648K
  class space    used 11121K, committed 11456K, reserved 1048576K
}

Dll operation events (11 events):
Event: 0.006 Loaded shared library C:\Program Files\Java\jdk-21\bin\java.dll
Event: 0.037 Loaded shared library C:\Program Files\Java\jdk-21\bin\jsvml.dll
Event: 1.274 Loaded shared library C:\Program Files\Java\jdk-21\bin\net.dll
Event: 1.276 Loaded shared library C:\Program Files\Java\jdk-21\bin\nio.dll
Event: 1.282 Loaded shared library C:\Program Files\Java\jdk-21\bin\zip.dll
Event: 1.434 Loaded shared library C:\Program Files\Java\jdk-21\bin\jimage.dll
Event: 2.845 Loaded shared library C:\Program Files\Java\jdk-21\bin\sunmscapi.dll
Event: 5.464 Loaded shared library C:\Program Files\Java\jdk-21\bin\management.dll
Event: 5.467 Loaded shared library C:\Program Files\Java\jdk-21\bin\management_ext.dll
Event: 6.517 Loaded shared library C:\Program Files\Java\jdk-21\bin\verify.dll
Event: 6.961 Loaded shared library C:\Program Files\Java\jdk-21\bin\extnet.dll

Deoptimization events (20 events):
Event: 103.847 Thread 0x000001a8b135e8f0 Uncommon trap: trap_request=0xffffff54 fr.pc=0x000001a8503e92d8 relative=0x00000000000058b8
Event: 103.847 Thread 0x000001a8b135c820 Uncommon trap: trap_request=0xffffff54 fr.pc=0x000001a8503e92d8 relative=0x00000000000058b8
Event: 103.847 Thread 0x000001a8b135e8f0 Uncommon trap: reason=speculate_null_assert action=make_not_entrant pc=0x000001a8503e92d8 method=java.lang.invoke.MethodType$ConcurrentWeakInternSet.add(Ljava/lang/Object;)Ljava/lang/Object; @ 47 c2
Event: 103.847 Thread 0x000001a8b135dbd0 DEOPT PACKING pc=0x000001a8503e88a8 sp=0x0000009527efde30
Event: 103.847 Thread 0x000001a8b135c820 Uncommon trap: reason=speculate_null_assert action=make_not_entrant pc=0x000001a8503e92d8 method=java.lang.invoke.MethodType$ConcurrentWeakInternSet.add(Ljava/lang/Object;)Ljava/lang/Object; @ 47 c2
Event: 103.847 Thread 0x000001a8b135dbd0 DEOPT UNPACKING pc=0x000001a84fb846a2 sp=0x0000009527efde88 mode 2
Event: 103.848 Thread 0x000001a8b135e8f0 DEOPT PACKING pc=0x000001a8503e92d8 sp=0x00000095282fdb50
Event: 103.848 Thread 0x000001a8b135c820 DEOPT PACKING pc=0x000001a8503e92d8 sp=0x0000009527cfdb30
Event: 103.848 Thread 0x000001a8b135e8f0 DEOPT UNPACKING pc=0x000001a84fb846a2 sp=0x00000095282fd9b0 mode 2
Event: 103.848 Thread 0x000001a8b135c820 DEOPT UNPACKING pc=0x000001a84fb846a2 sp=0x0000009527cfd990 mode 2
Event: 103.848 Thread 0x000001a8b135e8f0 Uncommon trap: trap_request=0xffffffc6 fr.pc=0x000001a85039d188 relative=0x0000000000001768
Event: 103.848 Thread 0x000001a8b135c820 Uncommon trap: trap_request=0xffffffc6 fr.pc=0x000001a85039d188 relative=0x0000000000001768
Event: 103.848 Thread 0x000001a8b135e8f0 Uncommon trap: reason=bimorphic_or_optimized_type_check action=maybe_recompile pc=0x000001a85039d188 method=java.util.concurrent.ConcurrentHashMap.putVal(Ljava/lang/Object;Ljava/lang/Object;Z)Ljava/lang/Object; @ 159 c2
Event: 103.848 Thread 0x000001a8b135c820 Uncommon trap: reason=bimorphic_or_optimized_type_check action=maybe_recompile pc=0x000001a85039d188 method=java.util.concurrent.ConcurrentHashMap.putVal(Ljava/lang/Object;Ljava/lang/Object;Z)Ljava/lang/Object; @ 159 c2
Event: 103.848 Thread 0x000001a8b135e8f0 DEOPT PACKING pc=0x000001a85039d188 sp=0x00000095282fda70
Event: 103.848 Thread 0x000001a8b135e8f0 DEOPT UNPACKING pc=0x000001a84fb846a2 sp=0x00000095282fda20 mode 2
Event: 103.848 Thread 0x000001a8b135c820 DEOPT PACKING pc=0x000001a85039d188 sp=0x0000009527cfda50
Event: 103.848 Thread 0x000001a8b135c820 DEOPT UNPACKING pc=0x000001a84fb846a2 sp=0x0000009527cfda00 mode 2
Event: 129.769 Thread 0x000001a8b13616e0 DEOPT PACKING pc=0x000001a8491d3fec sp=0x00000095280fb7e0
Event: 129.769 Thread 0x000001a8b13616e0 DEOPT UNPACKING pc=0x000001a84fb84e42 sp=0x00000095280fac88 mode 0

Classes loaded (20 events):
Event: 37.662 Loading class java/util/OptionalDouble
Event: 37.662 Loading class java/util/OptionalDouble done
Event: 37.662 Loading class java/util/OptionalLong
Event: 37.662 Loading class java/util/OptionalLong done
Event: 37.769 Loading class java/util/ArrayList$SubList$2
Event: 37.769 Loading class java/util/ArrayList$SubList$2 done
Event: 37.863 Loading class java/time/format/DateTimeFormatterBuilder$ZoneTextPrinterParser
Event: 37.863 Loading class java/time/format/DateTimeFormatterBuilder$ZoneTextPrinterParser done
Event: 37.863 Loading class java/time/format/DateTimeFormatterBuilder$ReducedPrinterParser
Event: 37.864 Loading class java/time/format/DateTimeFormatterBuilder$ReducedPrinterParser done
Event: 37.970 Loading class java/util/concurrent/locks/ReentrantReadWriteLock$Sync$HoldCounter
Event: 37.970 Loading class java/util/concurrent/locks/ReentrantReadWriteLock$Sync$HoldCounter done
Event: 46.455 Loading class java/util/stream/LongStream
Event: 46.455 Loading class java/util/stream/LongStream done
Event: 46.455 Loading class java/util/stream/DoubleStream
Event: 46.456 Loading class java/util/stream/DoubleStream done
Event: 46.488 Loading class org/w3c/dom/Node
Event: 46.489 Loading class org/w3c/dom/Node done
Event: 46.489 Loading class org/w3c/dom/Document
Event: 46.489 Loading class org/w3c/dom/Document done

Classes unloaded (0 events):
No events

Classes redefined (1 events):
Event: 129.800 Thread 0x000001a85fda99b0 redefined class name=com.example.CorporateEventer.controllers.UserController, count=1

Internal exceptions (20 events):
Event: 9.919 Thread 0x000001a83e095bc0 Implicit null exception at 0x000001a8506b8fd3 to 0x000001a8506b96f0
Event: 9.919 Thread 0x000001a83e095bc0 Implicit null exception at 0x000001a8506b103a to 0x000001a8506b1078
Event: 9.949 Thread 0x000001a83e095bc0 Exception <a 'java/lang/IncompatibleClassChangeError'{0x0000000708df4248}: Found class java.lang.Object, but interface was expected> (0x0000000708df4248) 
thrown [s\open\src\hotspot\share\interpreter\linkResolver.cpp, line 840]
Event: 9.960 Thread 0x000001a83e095bc0 Exception <a 'java/lang/IncompatibleClassChangeError'{0x0000000708a703a8}: Found class java.lang.Object, but interface was expected> (0x0000000708a703a8) 
thrown [s\open\src\hotspot\share\interpreter\linkResolver.cpp, line 840]
Event: 9.987 Thread 0x000001a83e095bc0 Implicit null exception at 0x000001a8505cca71 to 0x000001a8505ccd28
Event: 10.001 Thread 0x000001a83e095bc0 Exception <a 'java/lang/IncompatibleClassChangeError'{0x0000000708bda998}: Found class java.lang.Object, but interface was expected> (0x0000000708bda998) 
thrown [s\open\src\hotspot\share\interpreter\linkResolver.cpp, line 840]
Event: 10.304 Thread 0x000001a83e095bc0 Exception <a 'java/lang/IncompatibleClassChangeError'{0x000000071015a4e0}: Found class java.lang.Object, but interface was expected> (0x000000071015a4e0) 
thrown [s\open\src\hotspot\share\interpreter\linkResolver.cpp, line 840]
Event: 10.419 Thread 0x000001a83e095bc0 Exception <a 'java/lang/IncompatibleClassChangeError'{0x000000070960a770}: Found class java.lang.Object, but interface was expected> (0x000000070960a770) 
thrown [s\open\src\hotspot\share\interpreter\linkResolver.cpp, line 840]
Event: 10.507 Thread 0x000001a83e095bc0 Exception <a 'java/lang/NoSuchMethodError'{0x000000070952a2c8}: 'java.lang.Object java.lang.invoke.DirectMethodHandle$Holder.newInvokeSpecial(java.lang.Object, java.lang.Object, java.lang.Object, java.lang.Object, java.lang.Object, java.lang.Object, java.lang.Object, java.lang.Object)'> (0x000000070952a2c8) 
thrown [s\open\src\hotspot\share\interpreter\linkResolver.cpp, line 773]
Event: 10.793 Thread 0x000001a83e095bc0 Exception <a 'java/lang/NoSuchMethodError'{0x0000000708a6de70}: 'long java.lang.invoke.DirectMethodHandle$Holder.invokeVirtual(java.lang.Object, java.lang.Object)'> (0x0000000708a6de70) 
thrown [s\open\src\hotspot\share\interpreter\linkResolver.cpp, line 773]
Event: 12.388 Thread 0x000001a83e095bc0 Exception <a 'java/lang/IncompatibleClassChangeError'{0x0000000710245a68}: Found class java.lang.Object, but interface was expected> (0x0000000710245a68) 
thrown [s\open\src\hotspot\share\interpreter\linkResolver.cpp, line 840]
Event: 12.580 Thread 0x000001a83e095bc0 Exception <a 'java/lang/NoSuchMethodError'{0x000000070ffd8d08}: 'void java.lang.invoke.DirectMethodHandle$Holder.invokeVirtual(java.lang.Object, java.lang.Object, long)'> (0x000000070ffd8d08) 
thrown [s\open\src\hotspot\share\interpreter\linkResolver.cpp, line 773]
Event: 12.653 Thread 0x000001a83e095bc0 Implicit null exception at 0x000001a8504c056f to 0x000001a8504c0fe1
Event: 12.713 Thread 0x000001a83e095bc0 Exception <a 'java/lang/IncompatibleClassChangeError'{0x00000007092a1b68}: Found class java.lang.Object, but interface was expected> (0x00000007092a1b68) 
thrown [s\open\src\hotspot\share\interpreter\linkResolver.cpp, line 840]
Event: 12.818 Thread 0x000001a83e095bc0 Exception <a 'java/lang/NoSuchMethodError'{0x0000000708f4ba78}: 'void java.lang.invoke.DirectMethodHandle$Holder.invokeSpecial(java.lang.Object, java.lang.Object, int, java.lang.Object, java.lang.Object, java.lang.Object, java.lang.Object)'> (0x0000000708f4ba78) 
thrown [s\open\src\hotspot\share\interpreter\linkResolver.cpp, line 773]
Event: 12.819 Thread 0x000001a83e095bc0 Exception <a 'java/lang/NoSuchMethodError'{0x0000000708f52c10}: 'java.lang.Object java.lang.invoke.DirectMethodHandle$Holder.newInvokeSpecial(java.lang.Object, java.lang.Object, int, java.lang.Object, java.lang.Object)'> (0x0000000708f52c10) 
thrown [s\open\src\hotspot\share\interpreter\linkResolver.cpp, line 773]
Event: 37.097 Thread 0x000001a8b135b470 Exception <a 'java/lang/NoSuchMethodError'{0x0000000708b6d5e0}: 'java.lang.Object java.lang.invoke.DirectMethodHandle$Holder.invokeSpecial(java.lang.Object, java.lang.Object, java.lang.Object, java.lang.Object, java.lang.Object, long)'> (0x0000000708b6d5e0) 
thrown [s\open\src\hotspot\share\interpreter\linkResolver.cpp, line 773]
Event: 37.097 Thread 0x000001a8b135b470 Exception <a 'java/lang/NoSuchMethodError'{0x0000000708b70da0}: 'java.lang.Object java.lang.invoke.Invokers$Holder.linkToTargetMethod(java.lang.Object, java.lang.Object, java.lang.Object, long, java.lang.Object)'> (0x0000000708b70da0) 
thrown [s\open\src\hotspot\share\interpreter\linkResolver.cpp, line 773]
Event: 37.342 Thread 0x000001a8b135b470 Exception <a 'java/lang/IncompatibleClassChangeError'{0x000000070821d998}: Found class java.lang.Object, but interface was expected> (0x000000070821d998) 
thrown [s\open\src\hotspot\share\interpreter\linkResolver.cpp, line 840]
Event: 37.768 Thread 0x000001a8b135a0c0 Exception <a 'java/lang/NoSuchMethodError'{0x000000070fe4ede8}: 'java.lang.Object java.lang.invoke.DirectMethodHandle$Holder.invokeStatic(java.lang.Object, int, int)'> (0x000000070fe4ede8) 
thrown [s\open\src\hotspot\share\interpreter\linkResolver.cpp, line 773]

ZGC Phase Switch (0 events):
No events

VM Operations (20 events):
Event: 104.823 Executing VM operation: Cleanup
Event: 104.823 Executing VM operation: Cleanup done
Event: 105.838 Executing VM operation: Cleanup
Event: 105.838 Executing VM operation: Cleanup done
Event: 120.175 Executing VM operation: HandshakeAllThreads (HandshakeForDeflation)
Event: 120.176 Executing VM operation: HandshakeAllThreads (HandshakeForDeflation) done
Event: 120.176 Executing VM operation: RendezvousGCThreads
Event: 120.176 Executing VM operation: RendezvousGCThreads done
Event: 124.092 Executing VM operation: ChangeBreakpoints
Event: 124.095 Executing VM operation: ChangeBreakpoints done
Event: 124.521 Executing VM operation: ChangeBreakpoints
Event: 124.521 Executing VM operation: ChangeBreakpoints done
Event: 129.768 Executing VM operation: ChangeSingleStep
Event: 129.768 Executing VM operation: ChangeSingleStep done
Event: 129.769 Executing VM operation: ChangeSingleStep
Event: 129.769 Executing VM operation: ChangeSingleStep done
Event: 129.783 Executing VM operation: RedefineClasses
Event: 129.828 Executing VM operation: RedefineClasses done
Event: 129.836 Executing VM operation: ChangeSingleStep
Event: 129.836 Executing VM operation: ChangeSingleStep done

Events (20 events):
Event: 68.324 Thread 0x000001a85fda99b0 flushing nmethod 0x000001a850368910
Event: 68.324 Thread 0x000001a85fda99b0 flushing nmethod 0x000001a850359610
Event: 68.324 Thread 0x000001a85fda99b0 flushing nmethod 0x000001a85035c610
Event: 68.324 Thread 0x000001a85fda99b0 flushing nmethod 0x000001a850351e90
Event: 68.324 Thread 0x000001a85fda99b0 flushing nmethod 0x000001a85032c390
Event: 68.324 Thread 0x000001a85fda99b0 flushing nmethod 0x000001a8502ecb90
Event: 68.324 Thread 0x000001a85fda99b0 flushing nmethod 0x000001a850320890
Event: 68.324 Thread 0x000001a85fda99b0 flushing nmethod 0x000001a85033b010
Event: 68.324 Thread 0x000001a85fda99b0 flushing nmethod 0x000001a8502cc490
Event: 68.324 Thread 0x000001a85fda99b0 flushing nmethod 0x000001a8502f4310
Event: 68.339 Thread 0x000001a8b159f7c0 Thread added: 0x000001a8b159f7c0
Event: 68.847 Thread 0x000001a8b15a4980 Thread exited: 0x000001a8b15a4980
Event: 68.847 Thread 0x000001a8ab95d950 Thread exited: 0x000001a8ab95d950
Event: 69.854 Thread 0x000001a8b159f7c0 Thread exited: 0x000001a8b159f7c0
Event: 69.866 Thread 0x000001a8ab95cbb0 Thread exited: 0x000001a8ab95cbb0
Event: 70.082 Thread 0x000001a8b15a5720 Thread added: 0x000001a8b15a5720
Event: 70.082 Thread 0x000001a8b15a4980 Thread added: 0x000001a8b15a4980
Event: 70.826 Thread 0x000001a8b15a5720 Thread exited: 0x000001a8b15a5720
Event: 70.826 Thread 0x000001a8b15a4980 Thread exited: 0x000001a8b15a4980
Event: 73.620 Thread 0x000001a8ab95b740 Thread exited: 0x000001a8ab95b740


Dynamic libraries:
0x00007ff624f40000 - 0x00007ff624f50000 	C:\Program Files\Java\jdk-21\bin\java.exe
0x00007ffebdc30000 - 0x00007ffebde28000 	C:\Windows\SYSTEM32\ntdll.dll
0x00007ffebd320000 - 0x00007ffebd3e2000 	C:\Windows\System32\KERNEL32.DLL
0x00007ffebb2d0000 - 0x00007ffebb5ce000 	C:\Windows\System32\KERNELBASE.dll
0x00007ffebb8a0000 - 0x00007ffebb9a0000 	C:\Windows\System32\ucrtbase.dll
0x00007ffeb6880000 - 0x00007ffeb689b000 	C:\Program Files\Java\jdk-21\bin\VCRUNTIME140.dll
0x00007ffeb6e50000 - 0x00007ffeb6e69000 	C:\Program Files\Java\jdk-21\bin\jli.dll
0x00007ffebbd30000 - 0x00007ffebbde1000 	C:\Windows\System32\ADVAPI32.dll
0x00007ffebcef0000 - 0x00007ffebcf8e000 	C:\Windows\System32\msvcrt.dll
0x00007ffebbdf0000 - 0x00007ffebbe8f000 	C:\Windows\System32\sechost.dll
0x00007ffebc240000 - 0x00007ffebc363000 	C:\Windows\System32\RPCRT4.dll
0x00007ffebb780000 - 0x00007ffebb7a7000 	C:\Windows\System32\bcrypt.dll
0x00007ffebc370000 - 0x00007ffebc50d000 	C:\Windows\System32\USER32.dll
0x00007ffeba780000 - 0x00007ffebaa1a000 	C:\Windows\WinSxS\amd64_microsoft.windows.common-controls_6595b64144ccf1df_6.0.19041.4355_none_60b8b9eb71f62e16\COMCTL32.dll
0x00007ffebb9a0000 - 0x00007ffebb9c2000 	C:\Windows\System32\win32u.dll
0x00007ffebd3f0000 - 0x00007ffebd41b000 	C:\Windows\System32\GDI32.dll
0x00007ffebb660000 - 0x00007ffebb777000 	C:\Windows\System32\gdi32full.dll
0x00007ffebb800000 - 0x00007ffebb89d000 	C:\Windows\System32\msvcp_win.dll
0x00007ffeb7d80000 - 0x00007ffeb7d8a000 	C:\Windows\SYSTEM32\VERSION.dll
0x00007ffebccb0000 - 0x00007ffebccdf000 	C:\Windows\System32\IMM32.DLL
0x00007ffeb6e40000 - 0x00007ffeb6e4c000 	C:\Program Files\Java\jdk-21\bin\vcruntime140_1.dll
0x00007ffe8bcf0000 - 0x00007ffe8bd7e000 	C:\Program Files\Java\jdk-21\bin\msvcp140.dll
0x00007ffe4e8c0000 - 0x00007ffe4f5d7000 	C:\Program Files\Java\jdk-21\bin\server\jvm.dll
0x00007ffebc510000 - 0x00007ffebc57b000 	C:\Windows\System32\WS2_32.dll
0x00007ffebaec0000 - 0x00007ffebaf0b000 	C:\Windows\SYSTEM32\POWRPROF.dll
0x00007ffeac4a0000 - 0x00007ffeac4c7000 	C:\Windows\SYSTEM32\WINMM.dll
0x00007ffebaa20000 - 0x00007ffebaa32000 	C:\Windows\SYSTEM32\UMPDC.dll
0x00007ffeb9430000 - 0x00007ffeb9442000 	C:\Windows\SYSTEM32\kernel.appcore.dll
0x00007ffeb6e20000 - 0x00007ffeb6e2a000 	C:\Program Files\Java\jdk-21\bin\jimage.dll
0x00007ffebacd0000 - 0x00007ffebaeb4000 	C:\Windows\SYSTEM32\DBGHELP.DLL
0x00007ffebac10000 - 0x00007ffebac44000 	C:\Windows\SYSTEM32\dbgcore.DLL
0x00007ffebb5d0000 - 0x00007ffebb652000 	C:\Windows\System32\bcryptPrimitives.dll
0x00007ffeb6450000 - 0x00007ffeb648c000 	C:\Program Files\Java\jdk-21\bin\jdwp.dll
0x00007ffeb3920000 - 0x00007ffeb393f000 	C:\Program Files\Java\jdk-21\bin\java.dll
0x00007ffebd420000 - 0x00007ffebdb8d000 	C:\Windows\System32\SHELL32.dll
0x00007ffeb85e0000 - 0x00007ffeb8d84000 	C:\Windows\SYSTEM32\windows.storage.dll
0x00007ffebcf90000 - 0x00007ffebd2e3000 	C:\Windows\System32\combase.dll
0x00007ffeba510000 - 0x00007ffeba53e000 	C:\Windows\SYSTEM32\Wldp.dll
0x00007ffebce20000 - 0x00007ffebceed000 	C:\Windows\System32\OLEAUT32.dll
0x00007ffebbf80000 - 0x00007ffebc02d000 	C:\Windows\System32\SHCORE.dll
0x00007ffebbf20000 - 0x00007ffebbf75000 	C:\Windows\System32\shlwapi.dll
0x00007ffebb200000 - 0x00007ffebb224000 	C:\Windows\SYSTEM32\profapi.dll
0x00007ffe88f60000 - 0x00007ffe89037000 	C:\Program Files\Java\jdk-21\bin\jsvml.dll
0x00007ffeb79d0000 - 0x00007ffeb79dc000 	C:\Program Files\Java\jdk-21\bin\dt_socket.dll
0x00007ffeb9ff0000 - 0x00007ffeba02b000 	C:\Windows\SYSTEM32\IPHLPAPI.DLL
0x00007ffeba2f0000 - 0x00007ffeba35a000 	C:\Windows\system32\mswsock.dll
0x00007ffeba030000 - 0x00007ffeba0fa000 	C:\Windows\SYSTEM32\DNSAPI.dll
0x00007ffebc710000 - 0x00007ffebc718000 	C:\Windows\System32\NSI.dll
0x00007ffeb3710000 - 0x00007ffeb371a000 	C:\Windows\System32\rasadhlp.dll
0x00007ffea2c60000 - 0x00007ffea2ce0000 	C:\Windows\System32\fwpuclnt.dll
0x00007ffeb4c90000 - 0x00007ffeb4ca0000 	C:\Program Files\Java\jdk-21\bin\net.dll
0x00007ffeb2170000 - 0x00007ffeb227d000 	C:\Windows\SYSTEM32\WINHTTP.dll
0x00007ffea2dc0000 - 0x00007ffea2dd6000 	C:\Program Files\Java\jdk-21\bin\nio.dll
0x00007ffeb3430000 - 0x00007ffeb3448000 	C:\Program Files\Java\jdk-21\bin\zip.dll
0x00007ffea3380000 - 0x00007ffea338e000 	C:\Program Files\Java\jdk-21\bin\sunmscapi.dll
0x00007ffebbaf0000 - 0x00007ffebbc4c000 	C:\Windows\System32\CRYPT32.dll
0x00007ffeba660000 - 0x00007ffeba687000 	C:\Windows\SYSTEM32\ncrypt.dll
0x00007ffeba620000 - 0x00007ffeba65b000 	C:\Windows\SYSTEM32\NTASN1.dll
0x00007ffebb040000 - 0x00007ffebb058000 	C:\Windows\SYSTEM32\CRYPTSP.dll
0x00007ffeb9c90000 - 0x00007ffeb9cc4000 	C:\Windows\system32\rsaenh.dll
0x00007ffebb1c0000 - 0x00007ffebb1ee000 	C:\Windows\SYSTEM32\USERENV.dll
0x00007ffeba480000 - 0x00007ffeba48c000 	C:\Windows\SYSTEM32\CRYPTBASE.dll
0x00007ffeb3910000 - 0x00007ffeb391a000 	C:\Program Files\Java\jdk-21\bin\management.dll
0x00007ffea33a0000 - 0x00007ffea33ab000 	C:\Program Files\Java\jdk-21\bin\management_ext.dll
0x00007ffebce10000 - 0x00007ffebce18000 	C:\Windows\System32\PSAPI.DLL
0x00007ffeb4bd0000 - 0x00007ffeb4be0000 	C:\Program Files\Java\jdk-21\bin\verify.dll
0x00007ffea3390000 - 0x00007ffea3399000 	C:\Program Files\Java\jdk-21\bin\extnet.dll
0x00007ffe9cab0000 - 0x00007ffe9cab7000 	C:\Windows\system32\wshunix.dll

dbghelp: loaded successfully - version: 4.0.5 - missing functions: none
symbol engine: initialized successfully - sym options: 0x614 - pdb path: .;C:\Program Files\Java\jdk-21\bin;C:\Windows\SYSTEM32;C:\Windows\WinSxS\amd64_microsoft.windows.common-controls_6595b64144ccf1df_6.0.19041.4355_none_60b8b9eb71f62e16;C:\Program Files\Java\jdk-21\bin\server

VM Arguments:
jvm_args: -agentlib:jdwp=transport=dt_socket,server=n,suspend=y,address=localhost:54417 -Dvisualvm.display.name=CorporateEventer%PID -Dvisualvm.id=1732977601547 -Dvisualvm.display.name=CorporateEventer%PID -Dvisualvm.id=1732977776035 -Dvisualvm.display.name=CorporateEventer%PID -Dvisualvm.id=1732980722012 -Dvisualvm.display.name=CorporateEventer%PID -Dvisualvm.id=1732987265192 -Dvisualvm.display.name=CorporateEventer%PID -Dvisualvm.id=1732989875013 -XX:+ShowCodeDetailsInExceptionMessages 
java_command: com.example.CorporateEventer.CorporateEventerApplication
java_class_path (initial): C:\MIREA\JAVA\CorporateEventer\build\resources\main;C:\MIREA\JAVA\CorporateEventer\build\classes\java\main;C:\Users\Ivan\.gradle\caches\modules-2\files-2.1\org.springframework\spring-aop\6.1.14\3d5002d4c415c1ff4720f214c804d3d7e7d10111\spring-aop-6.1.14.jar;C:\Users\Ivan\.gradle\caches\modules-2\files-2.1\jakarta.activation\jakarta.activation-api\2.1.3\fa165bd70cda600368eee31555222776a46b881f\jakarta.activation-api-2.1.3.jar;C:\Users\Ivan\.gradle\caches\modules-2\files-2.1\org.aspectj\aspectjweaver\1.9.22.1\bca243d0af0db4758fbae45c5f4995cb5dabb612\aspectjweaver-1.9.22.1.jar;C:\Users\Ivan\.gradle\caches\modules-2\files-2.1\org.projectlombok\lombok\1.18.34\ec547ef414ab1d2c040118fb9c1c265ada63af14\lombok-1.18.34.jar;C:\Users\Ivan\.gradle\caches\modules-2\files-2.1\org.slf4j\jul-to-slf4j\2.0.16\6d57da3e961daac65bcca0dd3def6cd11e48a24a\jul-to-slf4j-2.0.16.jar;C:\Users\Ivan\.gradle\caches\modules-2\files-2.1\org.antlr\antlr4-runtime\4.13.0\5a02e48521624faaf5ff4d99afc88b01686af655\antlr4-runtime-4.13.0.jar;C:\Users\Ivan\.gradle\caches\modules-2\files-2.1\org.springframework.boot\spring-boot-starter-jdbc\3.3.5\64c2c63ff90dffcd6996b3cd11e5d7e9805884d2\spring-boot-starter-jdbc-3.3.5.jar;C:\Users\Ivan\.gradle\caches\modules-2\files-2.1\io.smallrye\jandex\3.1.2\a6c1c89925c7df06242b03dddb353116ceb9584c\jandex-3.1.2.jar;C:\Users\Ivan\.gradle\caches\modules-2\files-2.1\org.springframework\spring-jdbc\6.1.14\30ecdc7b9031553835ae16fa786fb24297adc857\spring-jdbc-6.1.14.jar;C:\Users\Ivan\.gradle\caches\modules-2\files-2.1\org.springframework.data\spring-data-commons\3.3.5\fb640c93121dc1e57b63d9315f646cd828f7368d\spring-data-commons-3.3.5.jar;C:\Users\Ivan\.gradle\caches\modules-2\files-2.1\org.springframework.boot\spring-boot-starter-aop\3.3.5\872157ff7d70996d6302f61aad1b176b4905a169\spring-boot-starter-aop-3.3.5.jar;C:\Users\Ivan\.gradle\caches\modules-2\files-2.1\org.yaml\snakeyaml\2.2\3af797a25458550a16bf89acc8e4ab2b7f2bfce0\snakeyaml-2.2.jar;C:\Users\Ivan\.gradle\caches\modules-2\files-2.1\org.springframework\spring-tx\6.1.14\f6cc1a08472e8ac51298a26bbe0f8b3d47d43175\spring-tx-6.1.14.jar;C:\Users\Ivan\.gradle\caches\modules-2\files-2.1\org.springframework\spring-core\6.1.14\45d2d808015bf6c5411e457fa09e843042dc3a76\spring-core-6.1.14.jar;C:\Users\Ivan\.gradle\caches\modules-2\files-2.1\org.checkerframework\checker-qual\3.42.0\638ec33f363a94d41a4f03c3e7d3dcfba64e402d\checker-qual-3.42.0.jar;C:\Users\Ivan\.gradle\caches\modules-2\files-2.1\io.jsonwebtoken\jjwt-jackson\0.11.5\3b83a06809e98a69402d7333dcf67df6f6ea4579\jjwt-jackson-0.11.5.jar;C:\Users\Ivan\.gradle\caches\modules-2\files-2.1\com.zaxxer\HikariCP\5.1.0\8c96e36c14461fc436bb02b264b96ef3ca5dca8c\HikariCP-5.1.0.jar;C:\Users\Ivan\.gradle\caches\modules-2\files-2.1\org.apache.tomcat.embed\tomcat-embed-websocket\10.1.31\6f755a475e44ece496ae3402de0c6c2dbea63921\tomcat-embed-websocket-10.1.31.jar;C:\Users\Ivan\.gradle\caches\modules-2\files-2.1\com.fasterxml.jackson.module\jackson-module-parameter-names\2.17.2\d27b9f95ccce98984c1ba58d61c5a9c072b1ad95\jackson-module-parameter-names-2.17.2.jar;C:\Users\Ivan\.gradle\caches\modules-2\files-2.1\ch.qos.logback\logback-core\1.5.11\727bdb8dc75b6c392f9be56224503948abc248e8\logback-core-1.5.11.jar;C:\Users\Ivan\.gradle\caches\modules-2\files-2.1\io.micrometer\context-propagation\1.1.2\771c187140f7610260020f63d2ac6548d72204d1\context-propagation-1.1.2.jar;C:\Users\Ivan\.gradle\caches\modules-2\files-2.1\io.projectreactor\reactor-core\3.6.11\45515246b186b5a0dcadf2c22ea7c6d88d80bff4\reactor-core-3.6.11.jar;C:\Users\Ivan\.gradle\caches\modules-2\files-2.1\jakarta.persistence\jakarta.persistence-api\3.1.0\66901fa1c373c6aff65c13791cc11da72060a8d6\jakarta.persistence-api-3.1.0.jar;C:\Users\Ivan\.gradle\caches\modules-2\files-2.1\ognl\ognl\3.3.4\1904789bdd96f226ad252a02f230be1015f4462b\ognl-3.3.4.jar;C:\Users\Ivan\.gradle\caches\modules-2\files-2.1\org.springframework.boot\spring-boot-starter-graphql\3.3.5\78aabf3dff5ba453026e8512fdb876dcd8d072a4\spring-boot-starter-graphql-3.3.5.jar;C:\Users\Ivan\.gradle\caches\modules-2\files-2.1\org.springframework.graphql\spring-graphql\1.3.3\6b523a06386935e861e1c64617f07d1f4d768357\spring-graphql-1.3.3.jar;C:\Users\Ivan\.gradle\caches\modules-2\files-2.1\org.springframework.boot\spring-boot-starter-web\3.3.5\51cc6cd5fb15f4eecfadea4ac689ed290e65c2cc\spring-boot-starter-web-3.3.5.jar;C:\Users\Ivan\.gradle\caches\modules-2\files-2.1\org.thymeleaf.extras\thymeleaf-extras-springsecurity6\3.1.2.RELEASE\574c188eb147191e2f162419e9fc780fcf3256d7\thymeleaf-extras-springsecurity6-3.1.2.RELEASE.jar;C:\Users\Ivan\.gradle\caches\modules-2\files-2.1\org.springframework\spring-aspects\6.1.14\cd9d1c53457ac159e1eba3f342cbd6bf8dad4027\spring-aspects-6.1.14.jar;C:\Users\Ivan\.gradle\caches\modules-2\files-2.1\ch.qos.logback\logback-classic\1.5.11\c4473fb51fea6682ad477cf3c2206b8b9623b9d8\logback-classic-1.5.11.jar;C:\Users\Ivan\.gradle\caches\modules-2\files-2.1\org.springframework.boot\spring-boot-starter-data-jpa\3.3.5\3fbef698f3a3c43c60ed493f96b11471f7d01ec7\spring-boot-starter-data-jpa-3.3.5.jar;C:\Users\Ivan\.gradle\caches\modules-2\files-2.1\net.bytebuddy\byte-buddy\1.14.19\4c0c637b8f47dc08f89240e6f59900011752c97b\byte-buddy-1.14.19.jar;C:\Users\Ivan\.gradle\caches\modules-2\files-2.1\com.fasterxml.jackson.core\jackson-annotations\2.17.2\147b7b9412ffff24339f8aba080b292448e08698\jackson-annotations-2.17.2.jar;C:\Users\Ivan\.gradle\caches\modules-2\files-2.1\com.fasterxml\classmate\1.7.0\e98374da1f2143ac8e6e0a95036994bb19137a3\classmate-1.7.0.jar;C:\Users\Ivan\.gradle\caches\modules-2\files-2.1\org.glassfish.jaxb\jaxb-runtime\4.0.5\ca84c2a7169b5293e232b9d00d1e4e36d4c3914a\jaxb-runtime-4.0.5.jar;C:\Users\Ivan\.gradle\caches\modules-2\files-2.1\org.springframework.security\spring-security-config\6.3.4\ef05a0653492b58f3cfb11f5ee4b69007e259f57\spring-security-config-6.3.4.jar;C:\Users\Ivan\.gradle\caches\modules-2\files-2.1\org.springframework.boot\spring-boot\3.3.5\1a0d1dc425d445503bd01c9aa3683aaebc524e3b\spring-boot-3.3.5.jar;C:\Users\Ivan\.gradle\caches\modules-2\files-2.1\jakarta.xml.bind\jakarta.xml.bind-api\4.0.2\6cd5a999b834b63238005b7144136379dc36cad2\jakarta.xml.bind-api-4.0.2.jar;C:\Users\Ivan\.gradle\caches\modules-2\files-2.1\org.eclipse.angus\angus-activation\2.0.2\41f1e0ddd157c856926ed149ab837d110955a9fc\angus-activation-2.0.2.jar;C:\Users\Ivan\.gradle\caches\modules-2\files-2.1\io.jsonwebtoken\jjwt-impl\0.11.5\40a599f0e8a8e4e0701596fbb15e67bfda64fdf0\jjwt-impl-0.11.5.jar;C:\Users\Ivan\.gradle\caches\modules-2\files-2.1\org.unbescape\unbescape\1.1.6.RELEASE\7b90360afb2b860e09e8347112800d12c12b2a13\unbescape-1.1.6.RELEASE.jar;C:\Users\Ivan\.gradle\caches\modules-2\files-2.1\org.apache.logging.log4j\log4j-api\2.23.1\9c15c29c526d9c6783049c0a77722693c66706e1\log4j-api-2.23.1.jar;C:\Users\Ivan\.gradle\caches\modules-2\files-2.1\org.springframework.boot\spring-boot-starter\3.3.5\16b7a9acf1918a8f763e871ada3794e9ffd4a980\spring-boot-starter-3.3.5.jar;C:\Users\Ivan\.gradle\caches\modules-2\files-2.1\org.springframework.boot\spring-boot-starter-logging\3.3.5\de318d4baa64f02631accf51d708e906b304b4cc\spring-boot-starter-logging-3.3.5.jar;C:\Users\Ivan\.gradle\caches\modules-2\files-2.1\org.springframework.boot\spring-boot-starter-security\3.3.5\662a0cd1672e55cdde5f8af1be79e18653e13c3d\spring-boot-starter-security-3.3.5.jar;C:\Users\Ivan\.gradle\caches\modules-2\files-2.1\com.sun.istack\istack-commons-runtime\4.1.2\18ec117c85f3ba0ac65409136afa8e42bc74e739\istack-commons-runtime-4.1.2.jar;C:\Users\Ivan\.gradle\caches\modules-2\files-2.1\org.attoparser\attoparser\2.0.7.RELEASE\e5d0e988d9124139d645bb5872b24dfa23e283cc\attoparser-2.0.7.RELEASE.jar;C:\Users\Ivan\.gradle\caches\modules-2\files-2.1\io.jsonwebtoken\jjwt-api\0.11.5\f742940045619d06383e7df37b21ac422b476cf1\jjwt-api-0.11.5.jar;C:\Users\Ivan\.gradle\caches\modules-2\files-2.1\org.thymeleaf\thymeleaf-spring6\3.1.2.RELEASE\6030c7b4e260c41336f378e53da6e8531263f24b\thymeleaf-spring6-3.1.2.RELEASE.jar;C:\Users\Ivan\.gradle\caches\modules-2\files-2.1\org.springframework\spring-jcl\6.1.14\842b2b24a375efd79af436860d22ba4e0082ff4b\spring-jcl-6.1.14.jar;C:\Users\Ivan\.gradle\caches\modules-2\files-2.1\org.springframework.boot\spring-boot-starter-thymeleaf\3.3.5\5fa47cb90c1ff87b9273fcf01b56bff77810077e\spring-boot-starter-thymeleaf-3.3.5.jar;C:\Users\Ivan\.gradle\caches\modules-2\files-2.1\jakarta.inject\jakarta.inject-api\2.0.1\4c28afe1991a941d7702fe1362c365f0a8641d1e\jakarta.inject-api-2.0.1.jar;C:\Users\Ivan\.gradle\caches\modules-2\files-2.1\org.glassfish.jaxb\jaxb-core\4.0.5\7b4b11ea5542eea4ad55e1080b23be436795b3\jaxb-core-4.0.5.jar;C:\Users\Ivan\.gradle\caches\modules-2\files-2.1\org.glassfish.jaxb\txw2\4.0.5\f36a4ef12120a9bb06d766d6a0e54b144fd7ed98\txw2-4.0.5.jar;C:\Users\Ivan\.gradle\caches\modules-2\files-2.1\com.graphql-java\graphql-java\22.3\d61a6f4abd6feb50d5ac9ff3c16eb72df72351bb\graphql-java-22.3.jar;C:\Users\Ivan\.gradle\caches\modules-2\files-2.1\jakarta.transaction\jakarta.transaction-api\2.0.1\51a520e3fae406abb84e2e1148e6746ce3f80a1a\jakarta.transaction-api-2.0.1.jar;C:\Users\Ivan\.gradle\caches\modules-2\files-2.1\org.springframework.security\spring-security-crypto\6.3.4\220656844844c23d07e8f0105e75c74530db2657\spring-security-crypto-6.3.4.jar;C:\Users\Ivan\.gradle\caches\modules-2\files-2.1\org.springframework.boot\spring-boot-autoconfigure\3.3.5\1efbbd46eeef054986796200313f4bb0d53a7268\spring-boot-autoconfigure-3.3.5.jar;C:\Users\Ivan\.gradle\caches\modules-2\files-2.1\com.fasterxml.jackson.core\jackson-core\2.17.2\969a35cb35c86512acbadcdbbbfb044c877db814\jackson-core-2.17.2.jar;C:\Users\Ivan\.gradle\caches\modules-2\files-2.1\org.apache.logging.log4j\log4j-to-slf4j\2.23.1\425ad1eb8a39904d2830e907a324e956fb456520\log4j-to-slf4j-2.23.1.jar;C:\Users\Ivan\.gradle\caches\modules-2\files-2.1\org.slf4j\slf4j-api\2.0.16\172931663a09a1fa515567af5fbef00897d3c04\slf4j-api-2.0.16.jar;C:\Users\Ivan\.gradle\caches\modules-2\files-2.1\org.springframework.data\spring-data-jpa\3.3.5\72a3aa723e1008cc6216f94e79e2de721fc4c513\spring-data-jpa-3.3.5.jar;C:\Users\Ivan\.gradle\caches\modules-2\files-2.1\org.thymeleaf\thymeleaf\3.1.2.RELEASE\273997509a4c7aef86cee0521750140c587d9be2\thymeleaf-3.1.2.RELEASE.jar;C:\Users\Ivan\.gradle\caches\modules-2\files-2.1\com.fasterxml.jackson.datatype\jackson-datatype-jsr310\2.17.2\267b85e9ba2892a37be6d80aa9ca1438a0d8c210\jackson-datatype-jsr310-2.17.2.jar;C:\Users\Ivan\.gradle\caches\modules-2\files-2.1\com.fasterxml.jackson.datatype\jackson-datatype-jdk8\2.17.2\efd3dd0e1d0db8bc72abbe71c15e697bb83b4b45\jackson-datatype-jdk8-2.17.2.jar;C:\Users\Ivan\.gradle\caches\modules-2\files-2.1\org.apache.tomcat.embed\tomcat-embed-el\10.1.31\ab21108d69bb42160eff7b905f606a1d0c21ae67\tomcat-embed-el-10.1.31.jar;C:\Users\Ivan\.gradle\caches\modules-2\files-2.1\org.springframework.boot\spring-boot-starter-tomcat\3.3.5\9fcf404e2efc06612af0c194e6d4f4162c6aac24\spring-boot-starter-tomcat-3.3.5.jar;C:\Users\Ivan\.gradle\caches\modules-2\files-2.1\org.springframework.boot\spring-boot-starter-json\3.3.5\a92dd0bc808c9de278bc62bc37db4e409027657a\spring-boot-starter-json-3.3.5.jar;C:\Users\Ivan\.gradle\caches\modules-2\files-2.1\org.postgresql\postgresql\42.7.4\264310fd7b2cd76738787dc0b9f7ea2e3b11adc1\postgresql-42.7.4.jar;C:\Users\Ivan\.gradle\caches\modules-2\files-2.1\org.springframework.security\spring-security-web\6.3.4\d0b9e554c0cc3291086a53e3537935b820d82742\spring-security-web-6.3.4.jar;C:\Users\Ivan\.gradle\caches\modules-2\files-2.1\org.springframework\spring-orm\6.1.14\fc113b824cb790ae320cc7f97803d92cbb9ebf6e\spring-orm-6.1.14.jar;C:\Users\Ivan\.gradle\caches\modules-2\files-2.1\org.javassist\javassist\3.29.0-GA\d3959fa7e00bf04dbe519228a23213d2afb625d8\javassist-3.29.0-GA.jar;C:\Users\Ivan\.gradle\caches\modules-2\files-2.1\io.micrometer\micrometer-commons\1.13.6\224f398df08315a8f9cda21fcb4f062d24da4a49\micrometer-commons-1.13.6.jar;C:\Users\Ivan\.gradle\caches\modules-2\files-2.1\com.fasterxml.jackson.core\jackson-databind\2.17.2\e6deb029e5901e027c129341fac39e515066b68c\jackson-databind-2.17.2.jar;C:\Users\Ivan\.gradle\caches\modules-2\files-2.1\org.springframework\spring-beans\6.1.14\be71b919145e20fb7f38c81467d7d0f1c09ad1bd\spring-beans-6.1.14.jar;C:\Users\Ivan\.gradle\caches\modules-2\files-2.1\org.jboss.logging\jboss-logging\3.5.3.Final\c88fc1d8a96d4c3491f55d4317458ccad53ca663\jboss-logging-3.5.3.Final.jar;C:\Users\Ivan\.gradle\caches\modules-2\files-2.1\com.graphql-java\java-dataloader\3.3.0\1786c5efbf871395a32cbce1a2114d6788ac4f53\java-dataloader-3.3.0.jar;C:\Users\Ivan\.gradle\caches\modules-2\files-2.1\org.reactivestreams\reactive-streams\1.0.4\3864a1320d97d7b045f729a326e1e077661f31b7\reactive-streams-1.0.4.jar;C:\Users\Ivan\.gradle\caches\modules-2\files-2.1\org.springframework.security\spring-security-core\6.3.4\b090f940b1db00f58f5cad0675ce82670cc75904\spring-security-core-6.3.4.jar;C:\Users\Ivan\.gradle\caches\modules-2\files-2.1\org.hibernate.orm\hibernate-core\6.5.3.Final\1e23c320a5d10f5eaecbd23095fca5c5c83c1fb5\hibernate-core-6.5.3.Final.jar;C:\Users\Ivan\.gradle\caches\modules-2\files-2.1\io.micrometer\micrometer-observation\1.13.6\8650b5372db17587f1271cd130beafa93d7eb573\micrometer-observation-1.13.6.jar;C:\Users\Ivan\.gradle\caches\modules-2\files-2.1\org.springframework\spring-context\6.1.14\b3d96fb4310376a608465c3544b7cfb790293787\spring-context-6.1.14.jar;C:\Users\Ivan\.gradle\caches\modules-2\files-2.1\org.springframework\spring-web\6.1.14\b45eaad7df4f37ce224acdcb555a6a3dd5c246b2\spring-web-6.1.14.jar;C:\Users\Ivan\.gradle\caches\modules-2\files-2.1\org.apache.tomcat.embed\tomcat-embed-core\10.1.31\a91cc0a95157228d9cccb1a9e8fb9c77c048c937\tomcat-embed-core-10.1.31.jar;C:\Users\Ivan\.gradle\caches\modules-2\files-2.1\org.springframework\spring-expression\6.1.14\495646d4968fb90aa97bc05a7d298d0c32898a1d\spring-expression-6.1.14.jar;C:\Users\Ivan\.gradle\caches\modules-2\files-2.1\org.springframework\spring-webmvc\6.1.14\804478303aac6f91ea566efd4fef3dc06380528a\spring-webmvc-6.1.14.jar;C:\Users\Ivan\.gradle\caches\modules-2\files-2.1\jakarta.annotation\jakarta.annotation-api\2.1.1\48b9bda22b091b1f48b13af03fe36db3be6e1ae3\jakarta.annotation-api-2.1.1.jar;C:\Users\Ivan\.gradle\caches\modules-2\files-2.1\org.hibernate.common\hibernate-commons-annotations\6.0.6.Final\77a5f94b56d49508e0ee334751db5b78e5ccd50c\hibernate-commons-annotations-6.0.6.Final.jar
Launcher Type: SUN_STANDARD

[Global flags]
     intx CICompilerCount                          = 12                                        {product} {ergonomic}
     uint ConcGCThreads                            = 3                                         {product} {ergonomic}
     uint G1ConcRefinementThreads                  = 13                                        {product} {ergonomic}
   size_t G1HeapRegionSize                         = 2097152                                   {product} {ergonomic}
    uintx GCDrainStackTargetSize                   = 64                                        {product} {ergonomic}
   size_t InitialHeapSize                          = 264241152                                 {product} {ergonomic}
   size_t MarkStackSize                            = 4194304                                   {product} {ergonomic}
   size_t MaxHeapSize                              = 4219469824                                {product} {ergonomic}
   size_t MaxNewSize                               = 2531262464                                {product} {ergonomic}
   size_t MinHeapDeltaBytes                        = 2097152                                   {product} {ergonomic}
   size_t MinHeapSize                              = 8388608                                   {product} {ergonomic}
    uintx NonNMethodCodeHeapSize                   = 7602480                                {pd product} {ergonomic}
    uintx NonProfiledCodeHeapSize                  = 122027880                              {pd product} {ergonomic}
    uintx ProfiledCodeHeapSize                     = 122027880                              {pd product} {ergonomic}
    uintx ReservedCodeCacheSize                    = 251658240                              {pd product} {ergonomic}
     bool SegmentedCodeCache                       = true                                      {product} {ergonomic}
     bool ShowCodeDetailsInExceptionMessages       = true                                   {manageable} {command line}
   size_t SoftMaxHeapSize                          = 4219469824                             {manageable} {ergonomic}
     bool UseCompressedOops                        = true                           {product lp64_product} {ergonomic}
     bool UseG1GC                                  = true                                      {product} {ergonomic}
     bool UseLargePagesIndividualAllocation        = false                                  {pd product} {ergonomic}

Logging:
Log output configuration:
 #0: stdout all=warning uptime,level,tags foldmultilines=false
 #1: stderr all=off uptime,level,tags foldmultilines=false

Environment Variables:
PATH=C:\Program Files\Common Files\Oracle\Java\javapath;C:\Program Files (x86)\Common Files\Oracle\Java\javapath;C:\Program Files (x86)\VMware\VMware Workstation\bin\;C:\Windows\system32;C:\Windows;C:\Windows\System32\Wbem;C:\Windows\System32\WindowsPowerShell\v1.0\;C:\Windows\System32\OpenSSH\;C:\Program Files (x86)\NVIDIA Corporation\PhysX\Common;C:\Program Files\dotnet\;C:\Program Files (x86)\dotnet\;C:\Program Files\Git\cmd;C:\ProgramData\chocolatey\bin;C:\Users\Ivan\Documents\gradle-8.6\bin;C:\Users\Ivan\Documents\maven\apache-maven-3.9.6\bin;C:\Program Files\nodejs\;C:\Program Files\Docker\Docker\resources\bin;C:\Program Files\NVIDIA Corporation\NVIDIA NvDLISR;C:\Users\Ivan\Downloads\protoc-28.3-win64\bin;C:\Users\Ivan\AppData\Local\Programs\Python\Python312\Scripts\;C:\Users\Ivan\AppData\Local\Programs\Python\Python312\;C:\Users\Ivan\AppData\Local\Microsoft\WindowsApps;C:\Users\Ivan\AppData\Local\GitHubDesktop\bin;C:\Users\Ivan\Documents\gradle-8.6\bin;C:\Program Files\Docker Toolbox;C:\Users\Ivan\Documents\maven\apache-maven-3.9.6\bin;C:\Users\Ivan\AppData\Roaming\npm;C:\Users\Ivan\Downloads\protoc-28.3-win64\bin;
USERNAME=Ivan
LANG=ru_RU.UTF-8
OS=Windows_NT
PROCESSOR_IDENTIFIER=Intel64 Family 6 Model 154 Stepping 3, GenuineIntel
TMP=C:\Users\Ivan\AppData\Local\Temp
TEMP=C:\Users\Ivan\AppData\Local\Temp




Periodic native trim disabled

---------------  S Y S T E M  ---------------

OS:
 Windows 10 , 64 bit Build 19041 (10.0.19041.5072)
OS uptime: 3 days 5:22 hours
Hyper-V role detected

CPU: total 16 (initial active 16) (8 cores per cpu, 2 threads per core) family 6 model 154 stepping 3 microcode 0x41e, cx8, cmov, fxsr, ht, mmx, 3dnowpref, sse, sse2, sse3, ssse3, sse4.1, sse4.2, popcnt, lzcnt, tsc, tscinvbit, avx, avx2, aes, erms, clmul, bmi1, bmi2, adx, sha, fma, vzeroupper, clflush, clflushopt, clwb, hv, rdtscp, rdpid, fsrm, f16c, cet_ibt, cet_ss
Processor Information for processor 0
  Max Mhz: 2500, Current Mhz: 2500, Mhz Limit: 1800
Processor Information for processor 1
  Max Mhz: 2500, Current Mhz: 2500, Mhz Limit: 1800
Processor Information for processor 2
  Max Mhz: 2500, Current Mhz: 2500, Mhz Limit: 2500
Processor Information for processor 3
  Max Mhz: 2500, Current Mhz: 2500, Mhz Limit: 2500
Processor Information for processor 4
  Max Mhz: 2500, Current Mhz: 2500, Mhz Limit: 2500
Processor Information for processor 5
  Max Mhz: 2500, Current Mhz: 2500, Mhz Limit: 2500
Processor Information for processor 6
  Max Mhz: 2500, Current Mhz: 2500, Mhz Limit: 2500
Processor Information for processor 7
  Max Mhz: 2500, Current Mhz: 2500, Mhz Limit: 2500
Processor Information for processor 8
  Max Mhz: 2500, Current Mhz: 1800, Mhz Limit: 1800
Processor Information for processor 9
  Max Mhz: 2500, Current Mhz: 1800, Mhz Limit: 1800
Processor Information for processor 10
  Max Mhz: 2500, Current Mhz: 1800, Mhz Limit: 1800
Processor Information for processor 11
  Max Mhz: 2500, Current Mhz: 1800, Mhz Limit: 1800
Processor Information for processor 12
  Max Mhz: 2500, Current Mhz: 1800, Mhz Limit: 1800
Processor Information for processor 13
  Max Mhz: 2500, Current Mhz: 1800, Mhz Limit: 1800
Processor Information for processor 14
  Max Mhz: 2500, Current Mhz: 1800, Mhz Limit: 1800
Processor Information for processor 15
  Max Mhz: 2500, Current Mhz: 1800, Mhz Limit: 1800

Memory: 4k page, system-wide physical 16088M (2445M free)
TotalPageFile size 38616M (AvailPageFile size 13609M)
current process WorkingSet (physical memory assigned to process): 301M, peak: 410M
current process commit charge ("private bytes"): 351M, peak: 458M

vm_info: Java HotSpot(TM) 64-Bit Server VM (21.0.2+13-LTS-58) for windows-amd64 JRE (21.0.2+13-LTS-58), built on 2024-01-05T18:32:24Z by "mach5one" with MS VC++ 17.1 (VS2022)

END.
